Feature: Service Provider

  Background:                                                                                               # ServiceProvider.feature:3
    Given I am logged into the application with user "myappssolutions33@gmail.com" and password "password1" # LoginStepdefs.applicationLogin(String,String)
      org.openqa.selenium.WebDriverException: unknown error: Chrome failed to start: exited abnormally
        (Driver info: chromedriver=2.38.552522 (437e6fbedfa8762dec75e2c5b3ddb86763dc9dcb),platform=Linux 4.4.0-1052-aws x86_64) (WARNING: The server did not provide any stacktrace information)
      Command duration or timeout: 60.14 seconds
      Build info: version: '3.5.3', revision: 'a88d25fe6b', time: '2017-08-29T12:42:44.417Z'
      System info: host: 'ip-172-31-18-1', ip: '172.31.18.1', os.name: 'Linux', os.arch: 'amd64', os.version: '4.4.0-1052-aws', java.version: '1.8.0_171'
      Driver info: driver.version: ChromeDriver
      	at sun.reflect.NativeConstructorAccessorImpl.newInstance0(Native Method)
      	at sun.reflect.NativeConstructorAccessorImpl.newInstance(NativeConstructorAccessorImpl.java:62)
      	at sun.reflect.DelegatingConstructorAccessorImpl.newInstance(DelegatingConstructorAccessorImpl.java:45)
      	at java.lang.reflect.Constructor.newInstance(Constructor.java:423)
      	at org.openqa.selenium.remote.ErrorHandler.createThrowable(ErrorHandler.java:215)
      	at org.openqa.selenium.remote.ErrorHandler.throwIfResponseFailed(ErrorHandler.java:167)
      	at org.openqa.selenium.remote.JsonWireProtocolResponse.lambda$new$0(JsonWireProtocolResponse.java:53)
      	at org.openqa.selenium.remote.JsonWireProtocolResponse.lambda$getResponseFunction$2(JsonWireProtocolResponse.java:91)
      	at org.openqa.selenium.remote.ProtocolHandshake.lambda$createSession$24(ProtocolHandshake.java:359)
      	at java.util.stream.ReferencePipeline$3$1.accept(ReferencePipeline.java:193)
      	at java.util.Spliterators$ArraySpliterator.tryAdvance(Spliterators.java:958)
      	at java.util.stream.ReferencePipeline.forEachWithCancel(ReferencePipeline.java:126)
      	at java.util.stream.AbstractPipeline.copyIntoWithCancel(AbstractPipeline.java:498)
      	at java.util.stream.AbstractPipeline.copyInto(AbstractPipeline.java:485)
      	at java.util.stream.AbstractPipeline.wrapAndCopyInto(AbstractPipeline.java:471)
      	at java.util.stream.FindOps$FindOp.evaluateSequential(FindOps.java:152)
      	at java.util.stream.AbstractPipeline.evaluate(AbstractPipeline.java:234)
      	at java.util.stream.ReferencePipeline.findFirst(ReferencePipeline.java:464)
      	at org.openqa.selenium.remote.ProtocolHandshake.createSession(ProtocolHandshake.java:362)
      	at org.openqa.selenium.remote.ProtocolHandshake.createSession(ProtocolHandshake.java:136)
      	at org.openqa.selenium.remote.HttpCommandExecutor.execute(HttpCommandExecutor.java:142)
      	at org.openqa.selenium.remote.service.DriverCommandExecutor.execute(DriverCommandExecutor.java:82)
      	at org.openqa.selenium.remote.RemoteWebDriver.execute(RemoteWebDriver.java:646)
      	at org.openqa.selenium.remote.RemoteWebDriver.startSession(RemoteWebDriver.java:255)
      	at org.openqa.selenium.remote.RemoteWebDriver.startSession(RemoteWebDriver.java:237)
      	at org.openqa.selenium.remote.RemoteWebDriver.<init>(RemoteWebDriver.java:138)
      	at org.openqa.selenium.chrome.ChromeDriver.<init>(ChromeDriver.java:178)
      	at org.openqa.selenium.chrome.ChromeDriver.<init>(ChromeDriver.java:167)
      	at org.openqa.selenium.chrome.ChromeDriver.<init>(ChromeDriver.java:156)
      	at utils.SetUpFile.setUpBrowser(SetUpFile.java:178)
      	at stepDefinitions.Hooks.openBrowser(Hooks.java:60)
      	at stepDefinitions.LoginStepdefs.applicationLogin(LoginStepdefs.java:55)
      	at ✽.Given I am logged into the application with user "myappssolutions33@gmail.com" and password "password1"(ServiceProvider.feature:4)

    And I wait "20" seconds                                                                                 # GlobalStepdefs.waitForSpecifiedTime(int)
    Then the "Service Provider" page should load                                                            # GlobalStepdefs.checkPageLoad(String,String,String)

  @Sanity1
  Scenario: Verify Conference Facility Creation                                                                                                              # ServiceProvider.feature:10
    When I click the "Facility" element                                                                                                                      # GlobalStepdefs.clickMiscElement(String,String,String)
    And I click the "Add Facility" button                                                                                                                    # GlobalStepdefs.clickButton(String,String)
    And I select "Conference Room" from the "Select Facility Type" dropdown                                                                                  # GlobalStepdefs.selectFromDropdown(String,String,String)
    And I click the "Add Location" button                                                                                                                    # GlobalStepdefs.clickButton(String,String)
    And I select "Bangalore" from the "Select City" dropdown                                                                                                 # GlobalStepdefs.selectFromDropdown(String,String,String)
    And I select "JP Nagar" from the "Locality" dropdown                                                                                                     # GlobalStepdefs.selectFromDropdown(String,String,String)
    And I enter "bilekahalli" in the "Please Enter Name" field                                                                                               # GlobalStepdefs.enterInTheField(String,String)
    And I enter "dsr galleria" in the "Please Enter address" field                                                                                           # GlobalStepdefs.enterInTheField(String,String)
    And I enter "signal" in the "Please Enter landmark" field                                                                                                # GlobalStepdefs.enterInTheField(String,String)
    And I enter "incubex" in the "Please Enter nearBy" field                                                                                                 # GlobalStepdefs.enterInTheField(String,String)
    And I enter "These terms and conditions, are subjected to change from time to time, shall apply to all our services" in the "Terms And Conditions" field # GlobalStepdefs.enterInTheField(String,String)
    And I click the "Add" button                                                                                                                             # GlobalStepdefs.clickButton(String,String)
    Then I click the "OK" button                                                                                                                             # GlobalStepdefs.clickButton(String,String)
    And I select "bilekahalli" from the "Building/Location" dropdown                                                                                         # GlobalStepdefs.selectFromDropdown(String,String,String)
    And I enter "conference 999" in the "Facility Meeting Room Name" field                                                                                   # GlobalStepdefs.enterInTheField(String,String)
    And I enter "100" in the "Facility No Of Seats" field                                                                                                    # GlobalStepdefs.enterInTheField(String,String)
    And I enter "1000" in the "Facility Area Size Sq" field                                                                                                  # GlobalStepdefs.enterInTheField(String,String)
    And I enter "adding conference room" in the "Facility Description" field                                                                                 # GlobalStepdefs.enterInTheField(String,String)
    #        And I click the "Image Upload" element
    #        And I upload the "Image 1" file
    #        And I click the "Image Upload" element
    #        And I upload the "Image 2" file
    #        And I click the "Image Upload" element
    #        And I upload the "Image 3" file
    And I wait "30" seconds                                                                                                                                  # GlobalStepdefs.waitForSpecifiedTime(int)
    And I check the following checkboxes                                                                                                                     # ServiceProviderStepdefs.checkMulitipleCheckBoxEntries(String,DataTable)
    #        And I click the "Save" button
    And I click the "Next" button                                                                                                                            # GlobalStepdefs.clickButton(String,String)
    And I enter "10" in the "Cost Per Hour" field                                                                                                            # GlobalStepdefs.enterInTheField(String,String)
    And I enter "100" in the "Cost Per Day" field                                                                                                            # GlobalStepdefs.enterInTheField(String,String)
    And I enter "1000" in the "Cost Per Month" field                                                                                                         # GlobalStepdefs.enterInTheField(String,String)
    And I click the "Offer Add" button                                                                                                                       # GlobalStepdefs.clickButton(String,String)
    And I enter "2018-03-2" in the "From" field                                                                                                              # GlobalStepdefs.enterInTheField(String,String)
    And I enter "2018-03-2" in the "To" field                                                                                                                # GlobalStepdefs.enterInTheField(String,String)
    And I enter "10" in the "% Of Offer" field                                                                                                               # GlobalStepdefs.enterInTheField(String,String)
    And I click the "Cancel Add" button                                                                                                                      # GlobalStepdefs.clickButton(String,String)
    And I enter "1" in the "No Of Days Before" field                                                                                                         # GlobalStepdefs.enterInTheField(String,String)
    And I enter "10" in the "% Of Deduction" field                                                                                                           # GlobalStepdefs.enterInTheField(String,String)
    And I enter "2" in the "No Of Days Before2" field                                                                                                        # GlobalStepdefs.enterInTheField(String,String)
    And I enter "20" in the "% Of Deduction2" field                                                                                                          # GlobalStepdefs.enterInTheField(String,String)
    And I enter "3" in the "No Of Days Before3" field                                                                                                        # GlobalStepdefs.enterInTheField(String,String)
    And I enter "30" in the "% Of Deduction3" field                                                                                                          # GlobalStepdefs.enterInTheField(String,String)
    And I enter "8497995311" in the "Sp Contact Number" field                                                                                                # GlobalStepdefs.enterInTheField(String,String)
    And I enter "aparna.b@myapps-solutions.com" in the "Sp Email" field                                                                                      # GlobalStepdefs.enterInTheField(String,String)
    And I select "Both" from the "Payment Mode" dropdown                                                                                                     # GlobalStepdefs.selectFromDropdown(String,String,String)
    And I check the "Request Huddil Verfication" checkbox                                                                                                    # GlobalStepdefs.checkCheckBox(String,String,String,String)
    And I click the "Next2" button                                                                                                                           # GlobalStepdefs.clickButton(String,String)
    And I click the "Submit" button                                                                                                                          # GlobalStepdefs.clickButton(String,String)
    And I wait "20" seconds                                                                                                                                  # GlobalStepdefs.waitForSpecifiedTime(int)
    Then I click the "Success OK" button                                                                                                                     # GlobalStepdefs.clickButton(String,String)

  Background:                                                                                               # ServiceProvider.feature:3
    Given I am logged into the application with user "myappssolutions33@gmail.com" and password "password1" # LoginStepdefs.applicationLogin(String,String)
      org.openqa.selenium.WebDriverException: unknown error: Chrome failed to start: exited abnormally
        (Driver info: chromedriver=2.38.552522 (437e6fbedfa8762dec75e2c5b3ddb86763dc9dcb),platform=Linux 4.4.0-1052-aws x86_64) (WARNING: The server did not provide any stacktrace information)
      Command duration or timeout: 60.01 seconds
      Build info: version: '3.5.3', revision: 'a88d25fe6b', time: '2017-08-29T12:42:44.417Z'
      System info: host: 'ip-172-31-18-1', ip: '172.31.18.1', os.name: 'Linux', os.arch: 'amd64', os.version: '4.4.0-1052-aws', java.version: '1.8.0_171'
      Driver info: driver.version: ChromeDriver
      	at sun.reflect.NativeConstructorAccessorImpl.newInstance0(Native Method)
      	at sun.reflect.NativeConstructorAccessorImpl.newInstance(NativeConstructorAccessorImpl.java:62)
      	at sun.reflect.DelegatingConstructorAccessorImpl.newInstance(DelegatingConstructorAccessorImpl.java:45)
      	at java.lang.reflect.Constructor.newInstance(Constructor.java:423)
      	at org.openqa.selenium.remote.ErrorHandler.createThrowable(ErrorHandler.java:215)
      	at org.openqa.selenium.remote.ErrorHandler.throwIfResponseFailed(ErrorHandler.java:167)
      	at org.openqa.selenium.remote.JsonWireProtocolResponse.lambda$new$0(JsonWireProtocolResponse.java:53)
      	at org.openqa.selenium.remote.JsonWireProtocolResponse.lambda$getResponseFunction$2(JsonWireProtocolResponse.java:91)
      	at org.openqa.selenium.remote.ProtocolHandshake.lambda$createSession$24(ProtocolHandshake.java:359)
      	at java.util.stream.ReferencePipeline$3$1.accept(ReferencePipeline.java:193)
      	at java.util.Spliterators$ArraySpliterator.tryAdvance(Spliterators.java:958)
      	at java.util.stream.ReferencePipeline.forEachWithCancel(ReferencePipeline.java:126)
      	at java.util.stream.AbstractPipeline.copyIntoWithCancel(AbstractPipeline.java:498)
      	at java.util.stream.AbstractPipeline.copyInto(AbstractPipeline.java:485)
      	at java.util.stream.AbstractPipeline.wrapAndCopyInto(AbstractPipeline.java:471)
      	at java.util.stream.FindOps$FindOp.evaluateSequential(FindOps.java:152)
      	at java.util.stream.AbstractPipeline.evaluate(AbstractPipeline.java:234)
      	at java.util.stream.ReferencePipeline.findFirst(ReferencePipeline.java:464)
      	at org.openqa.selenium.remote.ProtocolHandshake.createSession(ProtocolHandshake.java:362)
      	at org.openqa.selenium.remote.ProtocolHandshake.createSession(ProtocolHandshake.java:136)
      	at org.openqa.selenium.remote.HttpCommandExecutor.execute(HttpCommandExecutor.java:142)
      	at org.openqa.selenium.remote.service.DriverCommandExecutor.execute(DriverCommandExecutor.java:82)
      	at org.openqa.selenium.remote.RemoteWebDriver.execute(RemoteWebDriver.java:646)
      	at org.openqa.selenium.remote.RemoteWebDriver.startSession(RemoteWebDriver.java:255)
      	at org.openqa.selenium.remote.RemoteWebDriver.startSession(RemoteWebDriver.java:237)
      	at org.openqa.selenium.remote.RemoteWebDriver.<init>(RemoteWebDriver.java:138)
      	at org.openqa.selenium.chrome.ChromeDriver.<init>(ChromeDriver.java:178)
      	at org.openqa.selenium.chrome.ChromeDriver.<init>(ChromeDriver.java:167)
      	at org.openqa.selenium.chrome.ChromeDriver.<init>(ChromeDriver.java:156)
      	at utils.SetUpFile.setUpBrowser(SetUpFile.java:178)
      	at stepDefinitions.Hooks.openBrowser(Hooks.java:60)
      	at stepDefinitions.LoginStepdefs.applicationLogin(LoginStepdefs.java:55)
      	at ✽.Given I am logged into the application with user "myappssolutions33@gmail.com" and password "password1"(ServiceProvider.feature:4)

    And I wait "20" seconds                                                                                 # GlobalStepdefs.waitForSpecifiedTime(int)
    Then the "Service Provider" page should load                                                            # GlobalStepdefs.checkPageLoad(String,String,String)

  @Sanity1
  Scenario: Verify  conference Block Facility                  # ServiceProvider.feature:74
    When I click the "Facility" element                        # GlobalStepdefs.clickMiscElement(String,String,String)
    And I enter "conference 1" in the "Facility Title" field   # GlobalStepdefs.enterInTheField(String,String)
    Then I click the "Search" button                           # GlobalStepdefs.clickButton(String,String)
    And I wait "5" seconds                                     # GlobalStepdefs.waitForSpecifiedTime(int)
    Then I select the facility "conference 1"                  # ServiceProviderStepdefs.selectFacility(String)
    And I wait "3" seconds                                     # GlobalStepdefs.waitForSpecifiedTime(int)
    And I click the "Manage Facility" button                   # GlobalStepdefs.clickButton(String,String)
    And I wait "5" seconds                                     # GlobalStepdefs.waitForSpecifiedTime(int)
    And I select the "Block Facility" radiobutton              # ServiceProviderStepdefs.clickRadioButton(String)
    And I enter "2018-04-20 18:00:00" in the "From Date" field # GlobalStepdefs.enterInTheField(String,String)
    And I enter "2018-04-30 19:00:00" in the "To Date" field   # GlobalStepdefs.enterInTheField(String,String)
    And I click the "Block Facility" button                    # GlobalStepdefs.clickButton(String,String)

  Background:                                                                                               # ServiceProvider.feature:3
    Given I am logged into the application with user "myappssolutions33@gmail.com" and password "password1" # LoginStepdefs.applicationLogin(String,String)
      org.openqa.selenium.WebDriverException: unknown error: Chrome failed to start: exited abnormally
        (Driver info: chromedriver=2.38.552522 (437e6fbedfa8762dec75e2c5b3ddb86763dc9dcb),platform=Linux 4.4.0-1052-aws x86_64) (WARNING: The server did not provide any stacktrace information)
      Command duration or timeout: 60.02 seconds
      Build info: version: '3.5.3', revision: 'a88d25fe6b', time: '2017-08-29T12:42:44.417Z'
      System info: host: 'ip-172-31-18-1', ip: '172.31.18.1', os.name: 'Linux', os.arch: 'amd64', os.version: '4.4.0-1052-aws', java.version: '1.8.0_171'
      Driver info: driver.version: ChromeDriver
      	at sun.reflect.NativeConstructorAccessorImpl.newInstance0(Native Method)
      	at sun.reflect.NativeConstructorAccessorImpl.newInstance(NativeConstructorAccessorImpl.java:62)
      	at sun.reflect.DelegatingConstructorAccessorImpl.newInstance(DelegatingConstructorAccessorImpl.java:45)
      	at java.lang.reflect.Constructor.newInstance(Constructor.java:423)
      	at org.openqa.selenium.remote.ErrorHandler.createThrowable(ErrorHandler.java:215)
      	at org.openqa.selenium.remote.ErrorHandler.throwIfResponseFailed(ErrorHandler.java:167)
      	at org.openqa.selenium.remote.JsonWireProtocolResponse.lambda$new$0(JsonWireProtocolResponse.java:53)
      	at org.openqa.selenium.remote.JsonWireProtocolResponse.lambda$getResponseFunction$2(JsonWireProtocolResponse.java:91)
      	at org.openqa.selenium.remote.ProtocolHandshake.lambda$createSession$24(ProtocolHandshake.java:359)
      	at java.util.stream.ReferencePipeline$3$1.accept(ReferencePipeline.java:193)
      	at java.util.Spliterators$ArraySpliterator.tryAdvance(Spliterators.java:958)
      	at java.util.stream.ReferencePipeline.forEachWithCancel(ReferencePipeline.java:126)
      	at java.util.stream.AbstractPipeline.copyIntoWithCancel(AbstractPipeline.java:498)
      	at java.util.stream.AbstractPipeline.copyInto(AbstractPipeline.java:485)
      	at java.util.stream.AbstractPipeline.wrapAndCopyInto(AbstractPipeline.java:471)
      	at java.util.stream.FindOps$FindOp.evaluateSequential(FindOps.java:152)
      	at java.util.stream.AbstractPipeline.evaluate(AbstractPipeline.java:234)
      	at java.util.stream.ReferencePipeline.findFirst(ReferencePipeline.java:464)
      	at org.openqa.selenium.remote.ProtocolHandshake.createSession(ProtocolHandshake.java:362)
      	at org.openqa.selenium.remote.ProtocolHandshake.createSession(ProtocolHandshake.java:136)
      	at org.openqa.selenium.remote.HttpCommandExecutor.execute(HttpCommandExecutor.java:142)
      	at org.openqa.selenium.remote.service.DriverCommandExecutor.execute(DriverCommandExecutor.java:82)
      	at org.openqa.selenium.remote.RemoteWebDriver.execute(RemoteWebDriver.java:646)
      	at org.openqa.selenium.remote.RemoteWebDriver.startSession(RemoteWebDriver.java:255)
      	at org.openqa.selenium.remote.RemoteWebDriver.startSession(RemoteWebDriver.java:237)
      	at org.openqa.selenium.remote.RemoteWebDriver.<init>(RemoteWebDriver.java:138)
      	at org.openqa.selenium.chrome.ChromeDriver.<init>(ChromeDriver.java:178)
      	at org.openqa.selenium.chrome.ChromeDriver.<init>(ChromeDriver.java:167)
      	at org.openqa.selenium.chrome.ChromeDriver.<init>(ChromeDriver.java:156)
      	at utils.SetUpFile.setUpBrowser(SetUpFile.java:178)
      	at stepDefinitions.Hooks.openBrowser(Hooks.java:60)
      	at stepDefinitions.LoginStepdefs.applicationLogin(LoginStepdefs.java:55)
      	at ✽.Given I am logged into the application with user "myappssolutions33@gmail.com" and password "password1"(ServiceProvider.feature:4)

    And I wait "20" seconds                                                                                 # GlobalStepdefs.waitForSpecifiedTime(int)
    Then the "Service Provider" page should load                                                            # GlobalStepdefs.checkPageLoad(String,String,String)

  @Sanity1
  Scenario: Verify  conference Deactivate Facility                # ServiceProvider.feature:89
    When I click the "Facility" element                           # GlobalStepdefs.clickMiscElement(String,String,String)
    And I enter "conf 3" in the "Facility Title" field            # GlobalStepdefs.enterInTheField(String,String)
    Then I click the "Search" button                              # GlobalStepdefs.clickButton(String,String)
    And I wait "5" seconds                                        # GlobalStepdefs.waitForSpecifiedTime(int)
    Then I select the facility "conf 3"                           # ServiceProviderStepdefs.selectFacility(String)
    And I click the "Manage Facility" button                      # GlobalStepdefs.clickButton(String,String)
    And I wait "10" seconds                                       # GlobalStepdefs.waitForSpecifiedTime(int)
    And I select the "Deactivate Facility" radiobutton            # ServiceProviderStepdefs.clickRadioButton(String)
    And I enter "Not good" in the "Reason For Deactivation" field # GlobalStepdefs.enterInTheField(String,String)
    And I click the "Deactivate" button                           # GlobalStepdefs.clickButton(String,String)
    And I wait "10" seconds                                       # GlobalStepdefs.waitForSpecifiedTime(int)
    And I click the "Confirm" button                              # GlobalStepdefs.clickButton(String,String)
    Then I click the "OK" button                                  # GlobalStepdefs.clickButton(String,String)

  Background:                                                                                               # ServiceProvider.feature:3
    Given I am logged into the application with user "myappssolutions33@gmail.com" and password "password1" # LoginStepdefs.applicationLogin(String,String)
      org.openqa.selenium.WebDriverException: unknown error: Chrome failed to start: exited abnormally
        (Driver info: chromedriver=2.38.552522 (437e6fbedfa8762dec75e2c5b3ddb86763dc9dcb),platform=Linux 4.4.0-1052-aws x86_64) (WARNING: The server did not provide any stacktrace information)
      Command duration or timeout: 60.02 seconds
      Build info: version: '3.5.3', revision: 'a88d25fe6b', time: '2017-08-29T12:42:44.417Z'
      System info: host: 'ip-172-31-18-1', ip: '172.31.18.1', os.name: 'Linux', os.arch: 'amd64', os.version: '4.4.0-1052-aws', java.version: '1.8.0_171'
      Driver info: driver.version: ChromeDriver
      	at sun.reflect.NativeConstructorAccessorImpl.newInstance0(Native Method)
      	at sun.reflect.NativeConstructorAccessorImpl.newInstance(NativeConstructorAccessorImpl.java:62)
      	at sun.reflect.DelegatingConstructorAccessorImpl.newInstance(DelegatingConstructorAccessorImpl.java:45)
      	at java.lang.reflect.Constructor.newInstance(Constructor.java:423)
      	at org.openqa.selenium.remote.ErrorHandler.createThrowable(ErrorHandler.java:215)
      	at org.openqa.selenium.remote.ErrorHandler.throwIfResponseFailed(ErrorHandler.java:167)
      	at org.openqa.selenium.remote.JsonWireProtocolResponse.lambda$new$0(JsonWireProtocolResponse.java:53)
      	at org.openqa.selenium.remote.JsonWireProtocolResponse.lambda$getResponseFunction$2(JsonWireProtocolResponse.java:91)
      	at org.openqa.selenium.remote.ProtocolHandshake.lambda$createSession$24(ProtocolHandshake.java:359)
      	at java.util.stream.ReferencePipeline$3$1.accept(ReferencePipeline.java:193)
      	at java.util.Spliterators$ArraySpliterator.tryAdvance(Spliterators.java:958)
      	at java.util.stream.ReferencePipeline.forEachWithCancel(ReferencePipeline.java:126)
      	at java.util.stream.AbstractPipeline.copyIntoWithCancel(AbstractPipeline.java:498)
      	at java.util.stream.AbstractPipeline.copyInto(AbstractPipeline.java:485)
      	at java.util.stream.AbstractPipeline.wrapAndCopyInto(AbstractPipeline.java:471)
      	at java.util.stream.FindOps$FindOp.evaluateSequential(FindOps.java:152)
      	at java.util.stream.AbstractPipeline.evaluate(AbstractPipeline.java:234)
      	at java.util.stream.ReferencePipeline.findFirst(ReferencePipeline.java:464)
      	at org.openqa.selenium.remote.ProtocolHandshake.createSession(ProtocolHandshake.java:362)
      	at org.openqa.selenium.remote.ProtocolHandshake.createSession(ProtocolHandshake.java:136)
      	at org.openqa.selenium.remote.HttpCommandExecutor.execute(HttpCommandExecutor.java:142)
      	at org.openqa.selenium.remote.service.DriverCommandExecutor.execute(DriverCommandExecutor.java:82)
      	at org.openqa.selenium.remote.RemoteWebDriver.execute(RemoteWebDriver.java:646)
      	at org.openqa.selenium.remote.RemoteWebDriver.startSession(RemoteWebDriver.java:255)
      	at org.openqa.selenium.remote.RemoteWebDriver.startSession(RemoteWebDriver.java:237)
      	at org.openqa.selenium.remote.RemoteWebDriver.<init>(RemoteWebDriver.java:138)
      	at org.openqa.selenium.chrome.ChromeDriver.<init>(ChromeDriver.java:178)
      	at org.openqa.selenium.chrome.ChromeDriver.<init>(ChromeDriver.java:167)
      	at org.openqa.selenium.chrome.ChromeDriver.<init>(ChromeDriver.java:156)
      	at utils.SetUpFile.setUpBrowser(SetUpFile.java:178)
      	at stepDefinitions.Hooks.openBrowser(Hooks.java:60)
      	at stepDefinitions.LoginStepdefs.applicationLogin(LoginStepdefs.java:55)
      	at ✽.Given I am logged into the application with user "myappssolutions33@gmail.com" and password "password1"(ServiceProvider.feature:4)

    And I wait "20" seconds                                                                                 # GlobalStepdefs.waitForSpecifiedTime(int)
    Then the "Service Provider" page should load                                                            # GlobalStepdefs.checkPageLoad(String,String,String)

  @Sanity1
  Scenario: Verify  conference Activate Facility       # ServiceProvider.feature:105
    When I click the "Facility" element                # GlobalStepdefs.clickMiscElement(String,String,String)
    And I enter "conf 3" in the "Facility Title" field # GlobalStepdefs.enterInTheField(String,String)
    Then I click the "Search" button                   # GlobalStepdefs.clickButton(String,String)
    And I wait "5" seconds                             # GlobalStepdefs.waitForSpecifiedTime(int)
    Then I select the facility "conf 3"                # ServiceProviderStepdefs.selectFacility(String)
    And I click the "Manage Facility" button           # GlobalStepdefs.clickButton(String,String)
    And I wait "10" seconds                            # GlobalStepdefs.waitForSpecifiedTime(int)
    And I select the "Activate Facility" radiobutton   # ServiceProviderStepdefs.clickRadioButton(String)
    And I click the "Activate" button                  # GlobalStepdefs.clickButton(String,String)
    And I wait "10" seconds                            # GlobalStepdefs.waitForSpecifiedTime(int)
    Then I click the "OK" button                       # GlobalStepdefs.clickButton(String,String)

  Background:                                                                                               # ServiceProvider.feature:3
    Given I am logged into the application with user "myappssolutions33@gmail.com" and password "password1" # LoginStepdefs.applicationLogin(String,String)
      org.openqa.selenium.WebDriverException: unknown error: Chrome failed to start: exited abnormally
        (Driver info: chromedriver=2.38.552522 (437e6fbedfa8762dec75e2c5b3ddb86763dc9dcb),platform=Linux 4.4.0-1052-aws x86_64) (WARNING: The server did not provide any stacktrace information)
      Command duration or timeout: 60.01 seconds
      Build info: version: '3.5.3', revision: 'a88d25fe6b', time: '2017-08-29T12:42:44.417Z'
      System info: host: 'ip-172-31-18-1', ip: '172.31.18.1', os.name: 'Linux', os.arch: 'amd64', os.version: '4.4.0-1052-aws', java.version: '1.8.0_171'
      Driver info: driver.version: ChromeDriver
      	at sun.reflect.NativeConstructorAccessorImpl.newInstance0(Native Method)
      	at sun.reflect.NativeConstructorAccessorImpl.newInstance(NativeConstructorAccessorImpl.java:62)
      	at sun.reflect.DelegatingConstructorAccessorImpl.newInstance(DelegatingConstructorAccessorImpl.java:45)
      	at java.lang.reflect.Constructor.newInstance(Constructor.java:423)
      	at org.openqa.selenium.remote.ErrorHandler.createThrowable(ErrorHandler.java:215)
      	at org.openqa.selenium.remote.ErrorHandler.throwIfResponseFailed(ErrorHandler.java:167)
      	at org.openqa.selenium.remote.JsonWireProtocolResponse.lambda$new$0(JsonWireProtocolResponse.java:53)
      	at org.openqa.selenium.remote.JsonWireProtocolResponse.lambda$getResponseFunction$2(JsonWireProtocolResponse.java:91)
      	at org.openqa.selenium.remote.ProtocolHandshake.lambda$createSession$24(ProtocolHandshake.java:359)
      	at java.util.stream.ReferencePipeline$3$1.accept(ReferencePipeline.java:193)
      	at java.util.Spliterators$ArraySpliterator.tryAdvance(Spliterators.java:958)
      	at java.util.stream.ReferencePipeline.forEachWithCancel(ReferencePipeline.java:126)
      	at java.util.stream.AbstractPipeline.copyIntoWithCancel(AbstractPipeline.java:498)
      	at java.util.stream.AbstractPipeline.copyInto(AbstractPipeline.java:485)
      	at java.util.stream.AbstractPipeline.wrapAndCopyInto(AbstractPipeline.java:471)
      	at java.util.stream.FindOps$FindOp.evaluateSequential(FindOps.java:152)
      	at java.util.stream.AbstractPipeline.evaluate(AbstractPipeline.java:234)
      	at java.util.stream.ReferencePipeline.findFirst(ReferencePipeline.java:464)
      	at org.openqa.selenium.remote.ProtocolHandshake.createSession(ProtocolHandshake.java:362)
      	at org.openqa.selenium.remote.ProtocolHandshake.createSession(ProtocolHandshake.java:136)
      	at org.openqa.selenium.remote.HttpCommandExecutor.execute(HttpCommandExecutor.java:142)
      	at org.openqa.selenium.remote.service.DriverCommandExecutor.execute(DriverCommandExecutor.java:82)
      	at org.openqa.selenium.remote.RemoteWebDriver.execute(RemoteWebDriver.java:646)
      	at org.openqa.selenium.remote.RemoteWebDriver.startSession(RemoteWebDriver.java:255)
      	at org.openqa.selenium.remote.RemoteWebDriver.startSession(RemoteWebDriver.java:237)
      	at org.openqa.selenium.remote.RemoteWebDriver.<init>(RemoteWebDriver.java:138)
      	at org.openqa.selenium.chrome.ChromeDriver.<init>(ChromeDriver.java:178)
      	at org.openqa.selenium.chrome.ChromeDriver.<init>(ChromeDriver.java:167)
      	at org.openqa.selenium.chrome.ChromeDriver.<init>(ChromeDriver.java:156)
      	at utils.SetUpFile.setUpBrowser(SetUpFile.java:178)
      	at stepDefinitions.Hooks.openBrowser(Hooks.java:60)
      	at stepDefinitions.LoginStepdefs.applicationLogin(LoginStepdefs.java:55)
      	at ✽.Given I am logged into the application with user "myappssolutions33@gmail.com" and password "password1"(ServiceProvider.feature:4)

    And I wait "20" seconds                                                                                 # GlobalStepdefs.waitForSpecifiedTime(int)
    Then the "Service Provider" page should load                                                            # GlobalStepdefs.checkPageLoad(String,String,String)

  @Sanity1
  Scenario: Verify  conference Price Details Facility       # ServiceProvider.feature:119
    When I click the "Facility" element                     # GlobalStepdefs.clickMiscElement(String,String,String)
    And I enter "conf 3" in the "Facility Title" field      # GlobalStepdefs.enterInTheField(String,String)
    Then I click the "Search" button                        # GlobalStepdefs.clickButton(String,String)
    Then I select the facility "conf 3"                     # ServiceProviderStepdefs.selectFacility(String)
    And I click the "Manage Facility" button                # GlobalStepdefs.clickButton(String,String)
    And I wait "10" seconds                                 # GlobalStepdefs.waitForSpecifiedTime(int)
    And I select the "Price Details" radiobutton            # ServiceProviderStepdefs.clickRadioButton(String)
    And I wait "2" seconds                                  # GlobalStepdefs.waitForSpecifiedTime(int)
    And I enter "10" in the "Update Cost Per Hour" field    # GlobalStepdefs.enterInTheField(String,String)
    And I enter "100" in the "Update Cost Per Day" field    # GlobalStepdefs.enterInTheField(String,String)
    And I enter "1000" in the "Update Cost Per Month" field # GlobalStepdefs.enterInTheField(String,String)
    Then I click the "Update Price" button                  # GlobalStepdefs.clickButton(String,String)
    Then I click the "OK" button                            # GlobalStepdefs.clickButton(String,String)

  Background:                                                                                               # ServiceProvider.feature:3
    Given I am logged into the application with user "myappssolutions33@gmail.com" and password "password1" # LoginStepdefs.applicationLogin(String,String)
      org.openqa.selenium.WebDriverException: unknown error: Chrome failed to start: exited abnormally
        (Driver info: chromedriver=2.38.552522 (437e6fbedfa8762dec75e2c5b3ddb86763dc9dcb),platform=Linux 4.4.0-1052-aws x86_64) (WARNING: The server did not provide any stacktrace information)
      Command duration or timeout: 60.03 seconds
      Build info: version: '3.5.3', revision: 'a88d25fe6b', time: '2017-08-29T12:42:44.417Z'
      System info: host: 'ip-172-31-18-1', ip: '172.31.18.1', os.name: 'Linux', os.arch: 'amd64', os.version: '4.4.0-1052-aws', java.version: '1.8.0_171'
      Driver info: driver.version: ChromeDriver
      	at sun.reflect.NativeConstructorAccessorImpl.newInstance0(Native Method)
      	at sun.reflect.NativeConstructorAccessorImpl.newInstance(NativeConstructorAccessorImpl.java:62)
      	at sun.reflect.DelegatingConstructorAccessorImpl.newInstance(DelegatingConstructorAccessorImpl.java:45)
      	at java.lang.reflect.Constructor.newInstance(Constructor.java:423)
      	at org.openqa.selenium.remote.ErrorHandler.createThrowable(ErrorHandler.java:215)
      	at org.openqa.selenium.remote.ErrorHandler.throwIfResponseFailed(ErrorHandler.java:167)
      	at org.openqa.selenium.remote.JsonWireProtocolResponse.lambda$new$0(JsonWireProtocolResponse.java:53)
      	at org.openqa.selenium.remote.JsonWireProtocolResponse.lambda$getResponseFunction$2(JsonWireProtocolResponse.java:91)
      	at org.openqa.selenium.remote.ProtocolHandshake.lambda$createSession$24(ProtocolHandshake.java:359)
      	at java.util.stream.ReferencePipeline$3$1.accept(ReferencePipeline.java:193)
      	at java.util.Spliterators$ArraySpliterator.tryAdvance(Spliterators.java:958)
      	at java.util.stream.ReferencePipeline.forEachWithCancel(ReferencePipeline.java:126)
      	at java.util.stream.AbstractPipeline.copyIntoWithCancel(AbstractPipeline.java:498)
      	at java.util.stream.AbstractPipeline.copyInto(AbstractPipeline.java:485)
      	at java.util.stream.AbstractPipeline.wrapAndCopyInto(AbstractPipeline.java:471)
      	at java.util.stream.FindOps$FindOp.evaluateSequential(FindOps.java:152)
      	at java.util.stream.AbstractPipeline.evaluate(AbstractPipeline.java:234)
      	at java.util.stream.ReferencePipeline.findFirst(ReferencePipeline.java:464)
      	at org.openqa.selenium.remote.ProtocolHandshake.createSession(ProtocolHandshake.java:362)
      	at org.openqa.selenium.remote.ProtocolHandshake.createSession(ProtocolHandshake.java:136)
      	at org.openqa.selenium.remote.HttpCommandExecutor.execute(HttpCommandExecutor.java:142)
      	at org.openqa.selenium.remote.service.DriverCommandExecutor.execute(DriverCommandExecutor.java:82)
      	at org.openqa.selenium.remote.RemoteWebDriver.execute(RemoteWebDriver.java:646)
      	at org.openqa.selenium.remote.RemoteWebDriver.startSession(RemoteWebDriver.java:255)
      	at org.openqa.selenium.remote.RemoteWebDriver.startSession(RemoteWebDriver.java:237)
      	at org.openqa.selenium.remote.RemoteWebDriver.<init>(RemoteWebDriver.java:138)
      	at org.openqa.selenium.chrome.ChromeDriver.<init>(ChromeDriver.java:178)
      	at org.openqa.selenium.chrome.ChromeDriver.<init>(ChromeDriver.java:167)
      	at org.openqa.selenium.chrome.ChromeDriver.<init>(ChromeDriver.java:156)
      	at utils.SetUpFile.setUpBrowser(SetUpFile.java:178)
      	at stepDefinitions.Hooks.openBrowser(Hooks.java:60)
      	at stepDefinitions.LoginStepdefs.applicationLogin(LoginStepdefs.java:55)
      	at ✽.Given I am logged into the application with user "myappssolutions33@gmail.com" and password "password1"(ServiceProvider.feature:4)

    And I wait "20" seconds                                                                                 # GlobalStepdefs.waitForSpecifiedTime(int)
    Then the "Service Provider" page should load                                                            # GlobalStepdefs.checkPageLoad(String,String,String)

  @Sanity1
  Scenario: Verify  conference facility edit                               # ServiceProvider.feature:136
    When I click the "Facility" element                                    # GlobalStepdefs.clickMiscElement(String,String,String)
    And I click the "Filter" button                                        # GlobalStepdefs.clickButton(String,String)
    And I select "Conference Room" from the "SelectFacilityType1" dropdown # GlobalStepdefs.selectFromDropdown(String,String,String)
    And I select "Denied" from the "Select Status" dropdown                # GlobalStepdefs.selectFromDropdown(String,String,String)
    Then I click the "Search" button                                       # GlobalStepdefs.clickButton(String,String)
    And I wait "5" seconds                                                 # GlobalStepdefs.waitForSpecifiedTime(int)
    Then I select the facility "conference 12"                             # ServiceProviderStepdefs.selectFacility(String)
    Then I click the "Edit" button                                         # GlobalStepdefs.clickButton(String,String)
    And I enter "100" in the "Facility No Of Seats" field                  # GlobalStepdefs.enterInTheField(String,String)
    And I wait "20" seconds                                                # GlobalStepdefs.waitForSpecifiedTime(int)
    And I click the "Next" button                                          # GlobalStepdefs.clickButton(String,String)
    And I click the "Next3" button                                         # GlobalStepdefs.clickButton(String,String)
    And I click the "Submit" button                                        # GlobalStepdefs.clickButton(String,String)
    Then I click the "OK" button                                           # GlobalStepdefs.clickButton(String,String)

  Background:                                                                                               # ServiceProvider.feature:3
    Given I am logged into the application with user "myappssolutions33@gmail.com" and password "password1" # LoginStepdefs.applicationLogin(String,String)
      org.openqa.selenium.WebDriverException: unknown error: Chrome failed to start: exited abnormally
        (Driver info: chromedriver=2.38.552522 (437e6fbedfa8762dec75e2c5b3ddb86763dc9dcb),platform=Linux 4.4.0-1052-aws x86_64) (WARNING: The server did not provide any stacktrace information)
      Command duration or timeout: 60.06 seconds
      Build info: version: '3.5.3', revision: 'a88d25fe6b', time: '2017-08-29T12:42:44.417Z'
      System info: host: 'ip-172-31-18-1', ip: '172.31.18.1', os.name: 'Linux', os.arch: 'amd64', os.version: '4.4.0-1052-aws', java.version: '1.8.0_171'
      Driver info: driver.version: ChromeDriver
      	at sun.reflect.NativeConstructorAccessorImpl.newInstance0(Native Method)
      	at sun.reflect.NativeConstructorAccessorImpl.newInstance(NativeConstructorAccessorImpl.java:62)
      	at sun.reflect.DelegatingConstructorAccessorImpl.newInstance(DelegatingConstructorAccessorImpl.java:45)
      	at java.lang.reflect.Constructor.newInstance(Constructor.java:423)
      	at org.openqa.selenium.remote.ErrorHandler.createThrowable(ErrorHandler.java:215)
      	at org.openqa.selenium.remote.ErrorHandler.throwIfResponseFailed(ErrorHandler.java:167)
      	at org.openqa.selenium.remote.JsonWireProtocolResponse.lambda$new$0(JsonWireProtocolResponse.java:53)
      	at org.openqa.selenium.remote.JsonWireProtocolResponse.lambda$getResponseFunction$2(JsonWireProtocolResponse.java:91)
      	at org.openqa.selenium.remote.ProtocolHandshake.lambda$createSession$24(ProtocolHandshake.java:359)
      	at java.util.stream.ReferencePipeline$3$1.accept(ReferencePipeline.java:193)
      	at java.util.Spliterators$ArraySpliterator.tryAdvance(Spliterators.java:958)
      	at java.util.stream.ReferencePipeline.forEachWithCancel(ReferencePipeline.java:126)
      	at java.util.stream.AbstractPipeline.copyIntoWithCancel(AbstractPipeline.java:498)
      	at java.util.stream.AbstractPipeline.copyInto(AbstractPipeline.java:485)
      	at java.util.stream.AbstractPipeline.wrapAndCopyInto(AbstractPipeline.java:471)
      	at java.util.stream.FindOps$FindOp.evaluateSequential(FindOps.java:152)
      	at java.util.stream.AbstractPipeline.evaluate(AbstractPipeline.java:234)
      	at java.util.stream.ReferencePipeline.findFirst(ReferencePipeline.java:464)
      	at org.openqa.selenium.remote.ProtocolHandshake.createSession(ProtocolHandshake.java:362)
      	at org.openqa.selenium.remote.ProtocolHandshake.createSession(ProtocolHandshake.java:136)
      	at org.openqa.selenium.remote.HttpCommandExecutor.execute(HttpCommandExecutor.java:142)
      	at org.openqa.selenium.remote.service.DriverCommandExecutor.execute(DriverCommandExecutor.java:82)
      	at org.openqa.selenium.remote.RemoteWebDriver.execute(RemoteWebDriver.java:646)
      	at org.openqa.selenium.remote.RemoteWebDriver.startSession(RemoteWebDriver.java:255)
      	at org.openqa.selenium.remote.RemoteWebDriver.startSession(RemoteWebDriver.java:237)
      	at org.openqa.selenium.remote.RemoteWebDriver.<init>(RemoteWebDriver.java:138)
      	at org.openqa.selenium.chrome.ChromeDriver.<init>(ChromeDriver.java:178)
      	at org.openqa.selenium.chrome.ChromeDriver.<init>(ChromeDriver.java:167)
      	at org.openqa.selenium.chrome.ChromeDriver.<init>(ChromeDriver.java:156)
      	at utils.SetUpFile.setUpBrowser(SetUpFile.java:178)
      	at stepDefinitions.Hooks.openBrowser(Hooks.java:60)
      	at stepDefinitions.LoginStepdefs.applicationLogin(LoginStepdefs.java:55)
      	at ✽.Given I am logged into the application with user "myappssolutions33@gmail.com" and password "password1"(ServiceProvider.feature:4)

    And I wait "20" seconds                                                                                 # GlobalStepdefs.waitForSpecifiedTime(int)
    Then the "Service Provider" page should load                                                            # GlobalStepdefs.checkPageLoad(String,String,String)

  @Sanity1
  Scenario: Verify conference cancelled booking                                  # ServiceProvider.feature:153
    When I click the "Booking" element                                           # GlobalStepdefs.clickMiscElement(String,String,String)
    And I enter "305" in the "Booking Id" field                                  # GlobalStepdefs.enterInTheField(String,String)
    Then I click the "Search" button                                             # GlobalStepdefs.clickButton(String,String)
    And I wait "5" seconds                                                       # GlobalStepdefs.waitForSpecifiedTime(int)
    And I click the element with booking id "305" and booking status "Confirmed" # GlobalStepdefs.selectBooking(String,String)
    And I click the "Cancel Booking" button                                      # GlobalStepdefs.clickButton(String,String)
    Then I click the "YES" button                                                # GlobalStepdefs.clickButton(String,String)
    Then I click the "Success OK" button                                         # GlobalStepdefs.clickButton(String,String)

  Background:                                                                                               # ServiceProvider.feature:3
    Given I am logged into the application with user "myappssolutions33@gmail.com" and password "password1" # LoginStepdefs.applicationLogin(String,String)
      org.openqa.selenium.WebDriverException: unknown error: Chrome failed to start: exited abnormally
        (Driver info: chromedriver=2.38.552522 (437e6fbedfa8762dec75e2c5b3ddb86763dc9dcb),platform=Linux 4.4.0-1052-aws x86_64) (WARNING: The server did not provide any stacktrace information)
      Command duration or timeout: 60.01 seconds
      Build info: version: '3.5.3', revision: 'a88d25fe6b', time: '2017-08-29T12:42:44.417Z'
      System info: host: 'ip-172-31-18-1', ip: '172.31.18.1', os.name: 'Linux', os.arch: 'amd64', os.version: '4.4.0-1052-aws', java.version: '1.8.0_171'
      Driver info: driver.version: ChromeDriver
      	at sun.reflect.NativeConstructorAccessorImpl.newInstance0(Native Method)
      	at sun.reflect.NativeConstructorAccessorImpl.newInstance(NativeConstructorAccessorImpl.java:62)
      	at sun.reflect.DelegatingConstructorAccessorImpl.newInstance(DelegatingConstructorAccessorImpl.java:45)
      	at java.lang.reflect.Constructor.newInstance(Constructor.java:423)
      	at org.openqa.selenium.remote.ErrorHandler.createThrowable(ErrorHandler.java:215)
      	at org.openqa.selenium.remote.ErrorHandler.throwIfResponseFailed(ErrorHandler.java:167)
      	at org.openqa.selenium.remote.JsonWireProtocolResponse.lambda$new$0(JsonWireProtocolResponse.java:53)
      	at org.openqa.selenium.remote.JsonWireProtocolResponse.lambda$getResponseFunction$2(JsonWireProtocolResponse.java:91)
      	at org.openqa.selenium.remote.ProtocolHandshake.lambda$createSession$24(ProtocolHandshake.java:359)
      	at java.util.stream.ReferencePipeline$3$1.accept(ReferencePipeline.java:193)
      	at java.util.Spliterators$ArraySpliterator.tryAdvance(Spliterators.java:958)
      	at java.util.stream.ReferencePipeline.forEachWithCancel(ReferencePipeline.java:126)
      	at java.util.stream.AbstractPipeline.copyIntoWithCancel(AbstractPipeline.java:498)
      	at java.util.stream.AbstractPipeline.copyInto(AbstractPipeline.java:485)
      	at java.util.stream.AbstractPipeline.wrapAndCopyInto(AbstractPipeline.java:471)
      	at java.util.stream.FindOps$FindOp.evaluateSequential(FindOps.java:152)
      	at java.util.stream.AbstractPipeline.evaluate(AbstractPipeline.java:234)
      	at java.util.stream.ReferencePipeline.findFirst(ReferencePipeline.java:464)
      	at org.openqa.selenium.remote.ProtocolHandshake.createSession(ProtocolHandshake.java:362)
      	at org.openqa.selenium.remote.ProtocolHandshake.createSession(ProtocolHandshake.java:136)
      	at org.openqa.selenium.remote.HttpCommandExecutor.execute(HttpCommandExecutor.java:142)
      	at org.openqa.selenium.remote.service.DriverCommandExecutor.execute(DriverCommandExecutor.java:82)
      	at org.openqa.selenium.remote.RemoteWebDriver.execute(RemoteWebDriver.java:646)
      	at org.openqa.selenium.remote.RemoteWebDriver.startSession(RemoteWebDriver.java:255)
      	at org.openqa.selenium.remote.RemoteWebDriver.startSession(RemoteWebDriver.java:237)
      	at org.openqa.selenium.remote.RemoteWebDriver.<init>(RemoteWebDriver.java:138)
      	at org.openqa.selenium.chrome.ChromeDriver.<init>(ChromeDriver.java:178)
      	at org.openqa.selenium.chrome.ChromeDriver.<init>(ChromeDriver.java:167)
      	at org.openqa.selenium.chrome.ChromeDriver.<init>(ChromeDriver.java:156)
      	at utils.SetUpFile.setUpBrowser(SetUpFile.java:178)
      	at stepDefinitions.Hooks.openBrowser(Hooks.java:60)
      	at stepDefinitions.LoginStepdefs.applicationLogin(LoginStepdefs.java:55)
      	at ✽.Given I am logged into the application with user "myappssolutions33@gmail.com" and password "password1"(ServiceProvider.feature:4)

    And I wait "20" seconds                                                                                 # GlobalStepdefs.waitForSpecifiedTime(int)
    Then the "Service Provider" page should load                                                            # GlobalStepdefs.checkPageLoad(String,String,String)

  @Sanity1
  Scenario: Verify Coworking Facility Creation                               # ServiceProvider.feature:165
    When I click the "Facility" element                                      # GlobalStepdefs.clickMiscElement(String,String,String)
    And I click the "Add Facility" button                                    # GlobalStepdefs.clickButton(String,String)
    And I select "Co-Working Space" from the "Select Facility Type" dropdown # GlobalStepdefs.selectFromDropdown(String,String,String)
    And I click the "Add Location" button                                    # GlobalStepdefs.clickButton(String,String)
    And I select "Bangalore" from the "Select City" dropdown                 # GlobalStepdefs.selectFromDropdown(String,String,String)
    And I select "JP Nagar" from the "Locality" dropdown                     # GlobalStepdefs.selectFromDropdown(String,String,String)
    And I enter "bilekahalli" in the "Please Enter Name" field               # GlobalStepdefs.enterInTheField(String,String)
    And I enter "dsr galleria" in the "Please Enter address" field           # GlobalStepdefs.enterInTheField(String,String)
    And I enter "signal" in the "Please Enter landmark" field                # GlobalStepdefs.enterInTheField(String,String)
    And I enter "incubex" in the "Please Enter nearBy" field                 # GlobalStepdefs.enterInTheField(String,String)
    And I click the "Add" button                                             # GlobalStepdefs.clickButton(String,String)
    Then I click the "OK" button                                             # GlobalStepdefs.clickButton(String,String)
    And I select "bilekahalli" from the "Building/Location" dropdown         # GlobalStepdefs.selectFromDropdown(String,String,String)
    And I enter "coworking 888" in the "Facility Meeting Room Name" field    # GlobalStepdefs.enterInTheField(String,String)
    And I enter "100" in the "Facility No Of Seats" field                    # GlobalStepdefs.enterInTheField(String,String)
    And I enter "1000" in the "Facility Area Size Sq" field                  # GlobalStepdefs.enterInTheField(String,String)
    And I enter "adding coworking room" in the "Facility Description" field  # GlobalStepdefs.enterInTheField(String,String)
    #        And I click the "Image Upload" element
    #        And I upload the "Image 1" file
    #        And I click the "Image Upload" element
    #        And I upload the "Image 2" file
    #        And I click the "Image Upload" element
    #        And I upload the "Image 3" file
    And I wait "30" seconds                                                  # GlobalStepdefs.waitForSpecifiedTime(int)
    And I check the following checkboxes                                     # ServiceProviderStepdefs.checkMulitipleCheckBoxEntries(String,DataTable)
    And I click the "Next" button                                            # GlobalStepdefs.clickButton(String,String)
    And I enter "100" in the "Cost Per Day" field                            # GlobalStepdefs.enterInTheField(String,String)
    And I enter "1000" in the "Cost Per Month" field                         # GlobalStepdefs.enterInTheField(String,String)
    And I click the "Offer Add" button                                       # GlobalStepdefs.clickButton(String,String)
    And I enter "2018-03-3" in the "From" field                              # GlobalStepdefs.enterInTheField(String,String)
    And I enter "2018-03-4" in the "To" field                                # GlobalStepdefs.enterInTheField(String,String)
    And I enter "10" in the "% Of Offer" field                               # GlobalStepdefs.enterInTheField(String,String)
    And I click the "Cancel Add" button                                      # GlobalStepdefs.clickButton(String,String)
    And I enter "1" in the "No Of Days Before" field                         # GlobalStepdefs.enterInTheField(String,String)
    And I enter "10" in the "% Of Deduction" field                           # GlobalStepdefs.enterInTheField(String,String)
    And I enter "2" in the "No Of Days Before2" field                        # GlobalStepdefs.enterInTheField(String,String)
    And I enter "20" in the "% Of Deduction2" field                          # GlobalStepdefs.enterInTheField(String,String)
    And I enter "3" in the "No Of Days Before3" field                        # GlobalStepdefs.enterInTheField(String,String)
    And I enter "30" in the "% Of Deduction3" field                          # GlobalStepdefs.enterInTheField(String,String)
    And I enter "8497995311" in the "Sp Contact Number" field                # GlobalStepdefs.enterInTheField(String,String)
    And I enter "aparna.b@myapps-solutions.com" in the "Sp Email" field      # GlobalStepdefs.enterInTheField(String,String)
    And I select "Offline" from the "Payment Mode" dropdown                  # GlobalStepdefs.selectFromDropdown(String,String,String)
    And I check the "Request Huddil Verfication" checkbox                    # GlobalStepdefs.checkCheckBox(String,String,String,String)
    And I click the "Next2" button                                           # GlobalStepdefs.clickButton(String,String)
    And I click the "Submit" button                                          # GlobalStepdefs.clickButton(String,String)
    And I wait "80" seconds                                                  # GlobalStepdefs.waitForSpecifiedTime(int)
    Then I click the "Success OK" button                                     # GlobalStepdefs.clickButton(String,String)
