<?xml version="1.0" encoding="UTF-8"?>
<testsuite xmlns:xsi="http://www.w3.org/2001/XMLSchema-instance" xsi:noNamespaceSchemaLocation="https://maven.apache.org/surefire/maven-surefire-plugin/xsd/surefire-test-report.xsd" name="stepDefinitions.CukesRunnerTest" time="483.598" tests="188" errors="17" skipped="171" failures="0">
  <properties>
[...]
</properties>
  <testcase name="Given I am logged into the application with user &quot;myappssolutions33@gmail.com&quot; and password &quot;password1&quot;" classname="Scenario: Verify Conference Facility Creation" time="0.017">
    <error message="unknown error: Chrome failed to start: exited abnormally&#10;  (Driver info: chromedriver=2.38.552522 (437e6fbedfa8762dec75e2c5b3ddb86763dc9dcb),platform=Linux 4.4.0-1052-aws x86_64) (WARNING: The server did not provide any stacktrace information)&#10;Command duration or timeout: 60.14 seconds&#10;Build info: version: &apos;3.5.3&apos;, revision: &apos;a88d25fe6b&apos;, time: &apos;2017-08-29T12:42:44.417Z&apos;&#10;System info: host: &apos;ip-172-31-18-1&apos;, ip: &apos;172.31.18.1&apos;, os.name: &apos;Linux&apos;, os.arch: &apos;amd64&apos;, os.version: &apos;4.4.0-1052-aws&apos;, java.version: &apos;1.8.0_171&apos;&#10;Driver info: driver.version: ChromeDriver" type="org.openqa.selenium.WebDriverException">org.openqa.selenium.WebDriverException: 
unknown error: Chrome failed to start: exited abnormally
  (Driver info: chromedriver=2.38.552522 (437e6fbedfa8762dec75e2c5b3ddb86763dc9dcb),platform=Linux 4.4.0-1052-aws x86_64) (WARNING: The server did not provide any stacktrace information)
Command duration or timeout: 60.14 seconds
Build info: version: '3.5.3', revision: 'a88d25fe6b', time: '2017-08-29T12:42:44.417Z'
System info: host: 'ip-172-31-18-1', ip: '172.31.18.1', os.name: 'Linux', os.arch: 'amd64', os.version: '4.4.0-1052-aws', java.version: '1.8.0_171'
Driver info: driver.version: ChromeDriver
</error>
    <system-out><![CDATA[Verify Conference Facility Creation
@Sanity1
]]></system-out>
    <system-err><![CDATA[log4j:ERROR Could not read configuration file [/home/ubuntu/Auto/Sp \log4j.properties].
java.io.FileNotFoundException: /home/ubuntu/Auto/Sp \log4j.properties (No such file or directory)
	at java.io.FileInputStream.open0(Native Method)
	at java.io.FileInputStream.open(FileInputStream.java:195)
	at java.io.FileInputStream.<init>(FileInputStream.java:138)
	at java.io.FileInputStream.<init>(FileInputStream.java:93)
	at org.apache.log4j.PropertyConfigurator.doConfigure(PropertyConfigurator.java:316)
	at org.apache.log4j.PropertyConfigurator.configure(PropertyConfigurator.java:342)
	at constants.GlobalConstants.getLogger(GlobalConstants.java:71)
	at utils.UtilFunctions.log(UtilFunctions.java:228)
	at utils.UtilFunctions.getValueFromTextFile(UtilFunctions.java:243)
	at utils.UtilProperty.<clinit>(UtilProperty.java:20)
	at stepDefinitions.CukesRunnerTest.setUp(CukesRunnerTest.java:36)
	at sun.reflect.NativeMethodAccessorImpl.invoke0(Native Method)
	at sun.reflect.NativeMethodAccessorImpl.invoke(NativeMethodAccessorImpl.java:62)
	at sun.reflect.DelegatingMethodAccessorImpl.invoke(DelegatingMethodAccessorImpl.java:43)
	at java.lang.reflect.Method.invoke(Method.java:498)
	at org.junit.runners.model.FrameworkMethod$1.runReflectiveCall(FrameworkMethod.java:50)
	at org.junit.internal.runners.model.ReflectiveCallable.run(ReflectiveCallable.java:12)
	at org.junit.runners.model.FrameworkMethod.invokeExplosively(FrameworkMethod.java:47)
	at org.junit.internal.runners.statements.RunBefores.evaluate(RunBefores.java:24)
	at org.junit.internal.runners.statements.RunAfters.evaluate(RunAfters.java:27)
	at org.junit.runners.ParentRunner.run(ParentRunner.java:363)
	at cucumber.api.junit.Cucumber.run(Cucumber.java:98)
	at org.apache.maven.surefire.junit4.JUnit4Provider.execute(JUnit4Provider.java:365)
	at org.apache.maven.surefire.junit4.JUnit4Provider.executeWithRerun(JUnit4Provider.java:272)
	at org.apache.maven.surefire.junit4.JUnit4Provider.executeTestSet(JUnit4Provider.java:236)
	at org.apache.maven.surefire.junit4.JUnit4Provider.invoke(JUnit4Provider.java:159)
	at org.apache.maven.surefire.booter.ForkedBooter.invokeProviderInSameClassLoader(ForkedBooter.java:386)
	at org.apache.maven.surefire.booter.ForkedBooter.runSuitesInProcess(ForkedBooter.java:323)
	at org.apache.maven.surefire.booter.ForkedBooter.main(ForkedBooter.java:143)
log4j:ERROR Ignoring configuration file [/home/ubuntu/Auto/Sp \log4j.properties].
log4j:WARN No appenders could be found for logger (rootLogger).
log4j:WARN Please initialize the log4j system properly.
java.io.FileNotFoundException: /home/ubuntu/Auto/Sp \setUp.txt (No such file or directory)
	at java.io.FileInputStream.open0(Native Method)
	at java.io.FileInputStream.open(FileInputStream.java:195)
	at java.io.FileInputStream.<init>(FileInputStream.java:138)
	at java.io.FileInputStream.<init>(FileInputStream.java:93)
	at java.io.FileReader.<init>(FileReader.java:58)
	at utils.UtilFunctions.getValueFromTextFile(UtilFunctions.java:244)
	at utils.UtilProperty.<clinit>(UtilProperty.java:20)
	at stepDefinitions.CukesRunnerTest.setUp(CukesRunnerTest.java:36)
	at sun.reflect.NativeMethodAccessorImpl.invoke0(Native Method)
	at sun.reflect.NativeMethodAccessorImpl.invoke(NativeMethodAccessorImpl.java:62)
	at sun.reflect.DelegatingMethodAccessorImpl.invoke(DelegatingMethodAccessorImpl.java:43)
	at java.lang.reflect.Method.invoke(Method.java:498)
	at org.junit.runners.model.FrameworkMethod$1.runReflectiveCall(FrameworkMethod.java:50)
	at org.junit.internal.runners.model.ReflectiveCallable.run(ReflectiveCallable.java:12)
	at org.junit.runners.model.FrameworkMethod.invokeExplosively(FrameworkMethod.java:47)
	at org.junit.internal.runners.statements.RunBefores.evaluate(RunBefores.java:24)
	at org.junit.internal.runners.statements.RunAfters.evaluate(RunAfters.java:27)
	at org.junit.runners.ParentRunner.run(ParentRunner.java:363)
	at cucumber.api.junit.Cucumber.run(Cucumber.java:98)
	at org.apache.maven.surefire.junit4.JUnit4Provider.execute(JUnit4Provider.java:365)
	at org.apache.maven.surefire.junit4.JUnit4Provider.executeWithRerun(JUnit4Provider.java:272)
	at org.apache.maven.surefire.junit4.JUnit4Provider.executeTestSet(JUnit4Provider.java:236)
	at org.apache.maven.surefire.junit4.JUnit4Provider.invoke(JUnit4Provider.java:159)
	at org.apache.maven.surefire.booter.ForkedBooter.invokeProviderInSameClassLoader(ForkedBooter.java:386)
	at org.apache.maven.surefire.booter.ForkedBooter.runSuitesInProcess(ForkedBooter.java:323)
	at org.apache.maven.surefire.booter.ForkedBooter.main(ForkedBooter.java:143)
java.io.FileNotFoundException: /home/ubuntu/Auto/Sp \setUp.txt (No such file or directory)
	at java.io.FileInputStream.open0(Native Method)
	at java.io.FileInputStream.open(FileInputStream.java:195)
	at java.io.FileInputStream.<init>(FileInputStream.java:138)
	at java.io.FileInputStream.<init>(FileInputStream.java:93)
	at java.io.FileReader.<init>(FileReader.java:58)
	at utils.UtilFunctions.getValueFromTextFile(UtilFunctions.java:244)
	at utils.UtilProperty.<clinit>(UtilProperty.java:21)
	at stepDefinitions.CukesRunnerTest.setUp(CukesRunnerTest.java:36)
	at sun.reflect.NativeMethodAccessorImpl.invoke0(Native Method)
	at sun.reflect.NativeMethodAccessorImpl.invoke(NativeMethodAccessorImpl.java:62)
	at sun.reflect.DelegatingMethodAccessorImpl.invoke(DelegatingMethodAccessorImpl.java:43)
	at java.lang.reflect.Method.invoke(Method.java:498)
	at org.junit.runners.model.FrameworkMethod$1.runReflectiveCall(FrameworkMethod.java:50)
	at org.junit.internal.runners.model.ReflectiveCallable.run(ReflectiveCallable.java:12)
	at org.junit.runners.model.FrameworkMethod.invokeExplosively(FrameworkMethod.java:47)
	at org.junit.internal.runners.statements.RunBefores.evaluate(RunBefores.java:24)
	at org.junit.internal.runners.statements.RunAfters.evaluate(RunAfters.java:27)
	at org.junit.runners.ParentRunner.run(ParentRunner.java:363)
	at cucumber.api.junit.Cucumber.run(Cucumber.java:98)
	at org.apache.maven.surefire.junit4.JUnit4Provider.execute(JUnit4Provider.java:365)
	at org.apache.maven.surefire.junit4.JUnit4Provider.executeWithRerun(JUnit4Provider.java:272)
	at org.apache.maven.surefire.junit4.JUnit4Provider.executeTestSet(JUnit4Provider.java:236)
	at org.apache.maven.surefire.junit4.JUnit4Provider.invoke(JUnit4Provider.java:159)
	at org.apache.maven.surefire.booter.ForkedBooter.invokeProviderInSameClassLoader(ForkedBooter.java:386)
	at org.apache.maven.surefire.booter.ForkedBooter.runSuitesInProcess(ForkedBooter.java:323)
	at org.apache.maven.surefire.booter.ForkedBooter.main(ForkedBooter.java:143)
java.io.FileNotFoundException: /home/ubuntu/Auto/Sp \setUp.txt (No such file or directory)
	at java.io.FileInputStream.open0(Native Method)
	at java.io.FileInputStream.open(FileInputStream.java:195)
	at java.io.FileInputStream.<init>(FileInputStream.java:138)
	at java.io.FileInputStream.<init>(FileInputStream.java:93)
	at java.io.FileReader.<init>(FileReader.java:58)
	at utils.UtilFunctions.getValueFromTextFile(UtilFunctions.java:244)
	at utils.UtilProperty.<clinit>(UtilProperty.java:22)
	at stepDefinitions.CukesRunnerTest.setUp(CukesRunnerTest.java:36)
	at sun.reflect.NativeMethodAccessorImpl.invoke0(Native Method)
	at sun.reflect.NativeMethodAccessorImpl.invoke(NativeMethodAccessorImpl.java:62)
	at sun.reflect.DelegatingMethodAccessorImpl.invoke(DelegatingMethodAccessorImpl.java:43)
	at java.lang.reflect.Method.invoke(Method.java:498)
	at org.junit.runners.model.FrameworkMethod$1.runReflectiveCall(FrameworkMethod.java:50)
	at org.junit.internal.runners.model.ReflectiveCallable.run(ReflectiveCallable.java:12)
	at org.junit.runners.model.FrameworkMethod.invokeExplosively(FrameworkMethod.java:47)
	at org.junit.internal.runners.statements.RunBefores.evaluate(RunBefores.java:24)
	at org.junit.internal.runners.statements.RunAfters.evaluate(RunAfters.java:27)
	at org.junit.runners.ParentRunner.run(ParentRunner.java:363)
	at cucumber.api.junit.Cucumber.run(Cucumber.java:98)
	at org.apache.maven.surefire.junit4.JUnit4Provider.execute(JUnit4Provider.java:365)
	at org.apache.maven.surefire.junit4.JUnit4Provider.executeWithRerun(JUnit4Provider.java:272)
	at org.apache.maven.surefire.junit4.JUnit4Provider.executeTestSet(JUnit4Provider.java:236)
	at org.apache.maven.surefire.junit4.JUnit4Provider.invoke(JUnit4Provider.java:159)
	at org.apache.maven.surefire.booter.ForkedBooter.invokeProviderInSameClassLoader(ForkedBooter.java:386)
	at org.apache.maven.surefire.booter.ForkedBooter.runSuitesInProcess(ForkedBooter.java:323)
	at org.apache.maven.surefire.booter.ForkedBooter.main(ForkedBooter.java:143)
java.io.FileNotFoundException: /home/ubuntu/Auto/Sp /src/test\java\support\setUp.ini (No such file or directory)
	at java.io.FileInputStream.open0(Native Method)
	at java.io.FileInputStream.open(FileInputStream.java:195)
	at java.io.FileInputStream.<init>(FileInputStream.java:138)
	at java.io.FileInputStream.<init>(FileInputStream.java:93)
	at sun.net.www.protocol.file.FileURLConnection.connect(FileURLConnection.java:90)
	at sun.net.www.protocol.file.FileURLConnection.getInputStream(FileURLConnection.java:188)
	at java.net.URL.openStream(URL.java:1045)
	at org.ini4j.spi.IniSource.<init>(IniSource.java:59)
	at org.ini4j.spi.AbstractParser.newIniSource(AbstractParser.java:68)
	at org.ini4j.spi.IniParser.parse(IniParser.java:67)
	at org.ini4j.Ini.load(Ini.java:119)
	at org.ini4j.Ini.load(Ini.java:114)
	at org.ini4j.Ini.load(Ini.java:99)
	at org.ini4j.Ini.<init>(Ini.java:69)
	at utils.UtilFunctions.getValueFromIniFile(UtilFunctions.java:279)
	at utils.UtilProperty.<clinit>(UtilProperty.java:24)
	at stepDefinitions.CukesRunnerTest.setUp(CukesRunnerTest.java:36)
	at sun.reflect.NativeMethodAccessorImpl.invoke0(Native Method)
	at sun.reflect.NativeMethodAccessorImpl.invoke(NativeMethodAccessorImpl.java:62)
	at sun.reflect.DelegatingMethodAccessorImpl.invoke(DelegatingMethodAccessorImpl.java:43)
	at java.lang.reflect.Method.invoke(Method.java:498)
	at org.junit.runners.model.FrameworkMethod$1.runReflectiveCall(FrameworkMethod.java:50)
	at org.junit.internal.runners.model.ReflectiveCallable.run(ReflectiveCallable.java:12)
	at org.junit.runners.model.FrameworkMethod.invokeExplosively(FrameworkMethod.java:47)
	at org.junit.internal.runners.statements.RunBefores.evaluate(RunBefores.java:24)
	at org.junit.internal.runners.statements.RunAfters.evaluate(RunAfters.java:27)
	at org.junit.runners.ParentRunner.run(ParentRunner.java:363)
	at cucumber.api.junit.Cucumber.run(Cucumber.java:98)
	at org.apache.maven.surefire.junit4.JUnit4Provider.execute(JUnit4Provider.java:365)
	at org.apache.maven.surefire.junit4.JUnit4Provider.executeWithRerun(JUnit4Provider.java:272)
	at org.apache.maven.surefire.junit4.JUnit4Provider.executeTestSet(JUnit4Provider.java:236)
	at org.apache.maven.surefire.junit4.JUnit4Provider.invoke(JUnit4Provider.java:159)
	at org.apache.maven.surefire.booter.ForkedBooter.invokeProviderInSameClassLoader(ForkedBooter.java:386)
	at org.apache.maven.surefire.booter.ForkedBooter.runSuitesInProcess(ForkedBooter.java:323)
	at org.apache.maven.surefire.booter.ForkedBooter.main(ForkedBooter.java:143)
java.io.FileNotFoundException: /home/ubuntu/Auto/Sp /src/test\java\support\setUp.ini (No such file or directory)
	at java.io.FileInputStream.open0(Native Method)
	at java.io.FileInputStream.open(FileInputStream.java:195)
	at java.io.FileInputStream.<init>(FileInputStream.java:138)
	at java.io.FileInputStream.<init>(FileInputStream.java:93)
	at sun.net.www.protocol.file.FileURLConnection.connect(FileURLConnection.java:90)
	at sun.net.www.protocol.file.FileURLConnection.getInputStream(FileURLConnection.java:188)
	at java.net.URL.openStream(URL.java:1045)
	at org.ini4j.spi.IniSource.<init>(IniSource.java:59)
	at org.ini4j.spi.AbstractParser.newIniSource(AbstractParser.java:68)
	at org.ini4j.spi.IniParser.parse(IniParser.java:67)
	at org.ini4j.Ini.load(Ini.java:119)
	at org.ini4j.Ini.load(Ini.java:114)
	at org.ini4j.Ini.load(Ini.java:99)
	at org.ini4j.Ini.<init>(Ini.java:69)
	at utils.UtilFunctions.getValueFromIniFile(UtilFunctions.java:279)
	at utils.UtilProperty.<clinit>(UtilProperty.java:25)
	at stepDefinitions.CukesRunnerTest.setUp(CukesRunnerTest.java:36)
	at sun.reflect.NativeMethodAccessorImpl.invoke0(Native Method)
	at sun.reflect.NativeMethodAccessorImpl.invoke(NativeMethodAccessorImpl.java:62)
	at sun.reflect.DelegatingMethodAccessorImpl.invoke(DelegatingMethodAccessorImpl.java:43)
	at java.lang.reflect.Method.invoke(Method.java:498)
	at org.junit.runners.model.FrameworkMethod$1.runReflectiveCall(FrameworkMethod.java:50)
	at org.junit.internal.runners.model.ReflectiveCallable.run(ReflectiveCallable.java:12)
	at org.junit.runners.model.FrameworkMethod.invokeExplosively(FrameworkMethod.java:47)
	at org.junit.internal.runners.statements.RunBefores.evaluate(RunBefores.java:24)
	at org.junit.internal.runners.statements.RunAfters.evaluate(RunAfters.java:27)
	at org.junit.runners.ParentRunner.run(ParentRunner.java:363)
	at cucumber.api.junit.Cucumber.run(Cucumber.java:98)
	at org.apache.maven.surefire.junit4.JUnit4Provider.execute(JUnit4Provider.java:365)
	at org.apache.maven.surefire.junit4.JUnit4Provider.executeWithRerun(JUnit4Provider.java:272)
	at org.apache.maven.surefire.junit4.JUnit4Provider.executeTestSet(JUnit4Provider.java:236)
	at org.apache.maven.surefire.junit4.JUnit4Provider.invoke(JUnit4Provider.java:159)
	at org.apache.maven.surefire.booter.ForkedBooter.invokeProviderInSameClassLoader(ForkedBooter.java:386)
	at org.apache.maven.surefire.booter.ForkedBooter.runSuitesInProcess(ForkedBooter.java:323)
	at org.apache.maven.surefire.booter.ForkedBooter.main(ForkedBooter.java:143)
java.io.FileNotFoundException: /home/ubuntu/Auto/Sp /src/test\java\support\setUp.ini (No such file or directory)
	at java.io.FileInputStream.open0(Native Method)
	at java.io.FileInputStream.open(FileInputStream.java:195)
	at java.io.FileInputStream.<init>(FileInputStream.java:138)
	at java.io.FileInputStream.<init>(FileInputStream.java:93)
	at sun.net.www.protocol.file.FileURLConnection.connect(FileURLConnection.java:90)
	at sun.net.www.protocol.file.FileURLConnection.getInputStream(FileURLConnection.java:188)
	at java.net.URL.openStream(URL.java:1045)
	at org.ini4j.spi.IniSource.<init>(IniSource.java:59)
	at org.ini4j.spi.AbstractParser.newIniSource(AbstractParser.java:68)
	at org.ini4j.spi.IniParser.parse(IniParser.java:67)
	at org.ini4j.Ini.load(Ini.java:119)
	at org.ini4j.Ini.load(Ini.java:114)
	at org.ini4j.Ini.load(Ini.java:99)
	at org.ini4j.Ini.<init>(Ini.java:69)
	at utils.UtilFunctions.getValueFromIniFile(UtilFunctions.java:279)
	at utils.UtilProperty.<clinit>(UtilProperty.java:26)
	at stepDefinitions.CukesRunnerTest.setUp(CukesRunnerTest.java:36)
	at sun.reflect.NativeMethodAccessorImpl.invoke0(Native Method)
	at sun.reflect.NativeMethodAccessorImpl.invoke(NativeMethodAccessorImpl.java:62)
	at sun.reflect.DelegatingMethodAccessorImpl.invoke(DelegatingMethodAccessorImpl.java:43)
	at java.lang.reflect.Method.invoke(Method.java:498)
	at org.junit.runners.model.FrameworkMethod$1.runReflectiveCall(FrameworkMethod.java:50)
	at org.junit.internal.runners.model.ReflectiveCallable.run(ReflectiveCallable.java:12)
	at org.junit.runners.model.FrameworkMethod.invokeExplosively(FrameworkMethod.java:47)
	at org.junit.internal.runners.statements.RunBefores.evaluate(RunBefores.java:24)
	at org.junit.internal.runners.statements.RunAfters.evaluate(RunAfters.java:27)
	at org.junit.runners.ParentRunner.run(ParentRunner.java:363)
	at cucumber.api.junit.Cucumber.run(Cucumber.java:98)
	at org.apache.maven.surefire.junit4.JUnit4Provider.execute(JUnit4Provider.java:365)
	at org.apache.maven.surefire.junit4.JUnit4Provider.executeWithRerun(JUnit4Provider.java:272)
	at org.apache.maven.surefire.junit4.JUnit4Provider.executeTestSet(JUnit4Provider.java:236)
	at org.apache.maven.surefire.junit4.JUnit4Provider.invoke(JUnit4Provider.java:159)
	at org.apache.maven.surefire.booter.ForkedBooter.invokeProviderInSameClassLoader(ForkedBooter.java:386)
	at org.apache.maven.surefire.booter.ForkedBooter.runSuitesInProcess(ForkedBooter.java:323)
	at org.apache.maven.surefire.booter.ForkedBooter.main(ForkedBooter.java:143)
Starting ChromeDriver 2.38.552522 (437e6fbedfa8762dec75e2c5b3ddb86763dc9dcb) on port 7866
Only local connections are allowed.
]]></system-err>
  </testcase>
  <testcase name="Scenario: Verify Conference Facility Creation" classname="Scenario: Verify Conference Facility Creation" time="0.027">
    <error message="unknown error: Chrome failed to start: exited abnormally&#10;  (Driver info: chromedriver=2.38.552522 (437e6fbedfa8762dec75e2c5b3ddb86763dc9dcb),platform=Linux 4.4.0-1052-aws x86_64) (WARNING: The server did not provide any stacktrace information)&#10;Command duration or timeout: 60.14 seconds&#10;Build info: version: &apos;3.5.3&apos;, revision: &apos;a88d25fe6b&apos;, time: &apos;2017-08-29T12:42:44.417Z&apos;&#10;System info: host: &apos;ip-172-31-18-1&apos;, ip: &apos;172.31.18.1&apos;, os.name: &apos;Linux&apos;, os.arch: &apos;amd64&apos;, os.version: &apos;4.4.0-1052-aws&apos;, java.version: &apos;1.8.0_171&apos;&#10;Driver info: driver.version: ChromeDriver" type="org.openqa.selenium.WebDriverException">org.openqa.selenium.WebDriverException: 
unknown error: Chrome failed to start: exited abnormally
  (Driver info: chromedriver=2.38.552522 (437e6fbedfa8762dec75e2c5b3ddb86763dc9dcb),platform=Linux 4.4.0-1052-aws x86_64) (WARNING: The server did not provide any stacktrace information)
Command duration or timeout: 60.14 seconds
Build info: version: '3.5.3', revision: 'a88d25fe6b', time: '2017-08-29T12:42:44.417Z'
System info: host: 'ip-172-31-18-1', ip: '172.31.18.1', os.name: 'Linux', os.arch: 'amd64', os.version: '4.4.0-1052-aws', java.version: '1.8.0_171'
Driver info: driver.version: ChromeDriver
</error>
  </testcase>
  <testcase name="And I wait &quot;20&quot; seconds" classname="Scenario: Verify Conference Facility Creation" time="0">
    <skipped/>
  </testcase>
  <testcase name="And I wait &quot;20&quot; seconds" classname="Scenario: Verify Conference Facility Creation" time="0">
    <skipped/>
  </testcase>
  <testcase name="Then the &quot;Service Provider&quot; page should load" classname="Scenario: Verify Conference Facility Creation" time="0">
    <skipped/>
  </testcase>
  <testcase name="When I click the &quot;Facility&quot; element" classname="Scenario: Verify Conference Facility Creation" time="0">
    <skipped/>
  </testcase>
  <testcase name="And I click the &quot;Add Facility&quot; button" classname="Scenario: Verify Conference Facility Creation" time="0">
    <skipped/>
  </testcase>
  <testcase name="And I select &quot;Conference Room&quot; from the &quot;Select Facility Type&quot; dropdown" classname="Scenario: Verify Conference Facility Creation" time="0">
    <skipped/>
  </testcase>
  <testcase name="And I click the &quot;Add Location&quot; button" classname="Scenario: Verify Conference Facility Creation" time="0">
    <skipped/>
  </testcase>
  <testcase name="And I select &quot;Bangalore&quot; from the &quot;Select City&quot; dropdown" classname="Scenario: Verify Conference Facility Creation" time="0">
    <skipped/>
  </testcase>
  <testcase name="And I select &quot;JP Nagar&quot; from the &quot;Locality&quot; dropdown" classname="Scenario: Verify Conference Facility Creation" time="0">
    <skipped/>
  </testcase>
  <testcase name="And I enter &quot;bilekahalli&quot; in the &quot;Please Enter Name&quot; field" classname="Scenario: Verify Conference Facility Creation" time="0">
    <skipped/>
  </testcase>
  <testcase name="And I enter &quot;dsr galleria&quot; in the &quot;Please Enter address&quot; field" classname="Scenario: Verify Conference Facility Creation" time="0">
    <skipped/>
  </testcase>
  <testcase name="And I enter &quot;signal&quot; in the &quot;Please Enter landmark&quot; field" classname="Scenario: Verify Conference Facility Creation" time="0">
    <skipped/>
  </testcase>
  <testcase name="And I enter &quot;incubex&quot; in the &quot;Please Enter nearBy&quot; field" classname="Scenario: Verify Conference Facility Creation" time="0">
    <skipped/>
  </testcase>
  <testcase name="And I enter &quot;These terms and conditions, are subjected to change from time to time, shall apply to all our services&quot; in the &quot;Terms And Conditions&quot; field" classname="Scenario: Verify Conference Facility Creation" time="0">
    <skipped/>
  </testcase>
  <testcase name="And I click the &quot;Add&quot; button" classname="Scenario: Verify Conference Facility Creation" time="0">
    <skipped/>
  </testcase>
  <testcase name="Then I click the &quot;OK&quot; button" classname="Scenario: Verify Conference Facility Creation" time="0">
    <skipped/>
  </testcase>
  <testcase name="And I select &quot;bilekahalli&quot; from the &quot;Building/Location&quot; dropdown" classname="Scenario: Verify Conference Facility Creation" time="0">
    <skipped/>
  </testcase>
  <testcase name="And I enter &quot;conference 999&quot; in the &quot;Facility Meeting Room Name&quot; field" classname="Scenario: Verify Conference Facility Creation" time="0">
    <skipped/>
  </testcase>
  <testcase name="And I enter &quot;100&quot; in the &quot;Facility No Of Seats&quot; field" classname="Scenario: Verify Conference Facility Creation" time="0">
    <skipped/>
  </testcase>
  <testcase name="And I enter &quot;1000&quot; in the &quot;Facility Area Size Sq&quot; field" classname="Scenario: Verify Conference Facility Creation" time="0">
    <skipped/>
  </testcase>
  <testcase name="And I enter &quot;adding conference room&quot; in the &quot;Facility Description&quot; field" classname="Scenario: Verify Conference Facility Creation" time="0">
    <skipped/>
  </testcase>
  <testcase name="And I wait &quot;30&quot; seconds" classname="Scenario: Verify Conference Facility Creation" time="0">
    <skipped/>
  </testcase>
  <testcase name="And I check the following checkboxes" classname="Scenario: Verify Conference Facility Creation" time="0">
    <skipped/>
  </testcase>
  <testcase name="And I click the &quot;Next&quot; button" classname="Scenario: Verify Conference Facility Creation" time="0">
    <skipped/>
  </testcase>
  <testcase name="And I enter &quot;10&quot; in the &quot;Cost Per Hour&quot; field" classname="Scenario: Verify Conference Facility Creation" time="0">
    <skipped/>
  </testcase>
  <testcase name="And I enter &quot;100&quot; in the &quot;Cost Per Day&quot; field" classname="Scenario: Verify Conference Facility Creation" time="0">
    <skipped/>
  </testcase>
  <testcase name="And I enter &quot;1000&quot; in the &quot;Cost Per Month&quot; field" classname="Scenario: Verify Conference Facility Creation" time="0">
    <skipped/>
  </testcase>
  <testcase name="And I click the &quot;Offer Add&quot; button" classname="Scenario: Verify Conference Facility Creation" time="0">
    <skipped/>
  </testcase>
  <testcase name="And I enter &quot;2018-03-2&quot; in the &quot;From&quot; field" classname="Scenario: Verify Conference Facility Creation" time="0">
    <skipped/>
  </testcase>
  <testcase name="And I enter &quot;2018-03-2&quot; in the &quot;To&quot; field" classname="Scenario: Verify Conference Facility Creation" time="0">
    <skipped/>
  </testcase>
  <testcase name="And I enter &quot;10&quot; in the &quot;% Of Offer&quot; field" classname="Scenario: Verify Conference Facility Creation" time="0">
    <skipped/>
  </testcase>
  <testcase name="And I click the &quot;Cancel Add&quot; button" classname="Scenario: Verify Conference Facility Creation" time="0">
    <skipped/>
  </testcase>
  <testcase name="And I enter &quot;1&quot; in the &quot;No Of Days Before&quot; field" classname="Scenario: Verify Conference Facility Creation" time="0">
    <skipped/>
  </testcase>
  <testcase name="And I enter &quot;10&quot; in the &quot;% Of Deduction&quot; field" classname="Scenario: Verify Conference Facility Creation" time="0">
    <skipped/>
  </testcase>
  <testcase name="And I enter &quot;2&quot; in the &quot;No Of Days Before2&quot; field" classname="Scenario: Verify Conference Facility Creation" time="0">
    <skipped/>
  </testcase>
  <testcase name="And I enter &quot;20&quot; in the &quot;% Of Deduction2&quot; field" classname="Scenario: Verify Conference Facility Creation" time="0">
    <skipped/>
  </testcase>
  <testcase name="And I enter &quot;3&quot; in the &quot;No Of Days Before3&quot; field" classname="Scenario: Verify Conference Facility Creation" time="0">
    <skipped/>
  </testcase>
  <testcase name="And I enter &quot;30&quot; in the &quot;% Of Deduction3&quot; field" classname="Scenario: Verify Conference Facility Creation" time="0">
    <skipped/>
  </testcase>
  <testcase name="And I enter &quot;8497995311&quot; in the &quot;Sp Contact Number&quot; field" classname="Scenario: Verify Conference Facility Creation" time="0">
    <skipped/>
  </testcase>
  <testcase name="And I enter &quot;aparna.b@myapps-solutions.com&quot; in the &quot;Sp Email&quot; field" classname="Scenario: Verify Conference Facility Creation" time="0">
    <skipped/>
  </testcase>
  <testcase name="And I select &quot;Both&quot; from the &quot;Payment Mode&quot; dropdown" classname="Scenario: Verify Conference Facility Creation" time="0">
    <skipped/>
  </testcase>
  <testcase name="And I check the &quot;Request Huddil Verfication&quot; checkbox" classname="Scenario: Verify Conference Facility Creation" time="0">
    <skipped/>
  </testcase>
  <testcase name="And I click the &quot;Next2&quot; button" classname="Scenario: Verify Conference Facility Creation" time="0">
    <skipped/>
  </testcase>
  <testcase name="And I click the &quot;Submit&quot; button" classname="Scenario: Verify Conference Facility Creation" time="0">
    <skipped/>
  </testcase>
  <testcase name="Then I click the &quot;Success OK&quot; button" classname="Scenario: Verify Conference Facility Creation" time="0">
    <skipped/>
  </testcase>
  <testcase name="Given I am logged into the application with user &quot;myappssolutions33@gmail.com&quot; and password &quot;password1&quot;" classname="Scenario: Verify  conference Block Facility" time="0.005">
    <error message="unknown error: Chrome failed to start: exited abnormally&#10;  (Driver info: chromedriver=2.38.552522 (437e6fbedfa8762dec75e2c5b3ddb86763dc9dcb),platform=Linux 4.4.0-1052-aws x86_64) (WARNING: The server did not provide any stacktrace information)&#10;Command duration or timeout: 60.01 seconds&#10;Build info: version: &apos;3.5.3&apos;, revision: &apos;a88d25fe6b&apos;, time: &apos;2017-08-29T12:42:44.417Z&apos;&#10;System info: host: &apos;ip-172-31-18-1&apos;, ip: &apos;172.31.18.1&apos;, os.name: &apos;Linux&apos;, os.arch: &apos;amd64&apos;, os.version: &apos;4.4.0-1052-aws&apos;, java.version: &apos;1.8.0_171&apos;&#10;Driver info: driver.version: ChromeDriver" type="org.openqa.selenium.WebDriverException">org.openqa.selenium.WebDriverException: 
unknown error: Chrome failed to start: exited abnormally
  (Driver info: chromedriver=2.38.552522 (437e6fbedfa8762dec75e2c5b3ddb86763dc9dcb),platform=Linux 4.4.0-1052-aws x86_64) (WARNING: The server did not provide any stacktrace information)
Command duration or timeout: 60.01 seconds
Build info: version: '3.5.3', revision: 'a88d25fe6b', time: '2017-08-29T12:42:44.417Z'
System info: host: 'ip-172-31-18-1', ip: '172.31.18.1', os.name: 'Linux', os.arch: 'amd64', os.version: '4.4.0-1052-aws', java.version: '1.8.0_171'
Driver info: driver.version: ChromeDriver
</error>
    <system-out><![CDATA[Do nothing
Verify  conference Block Facility
@Sanity1
]]></system-out>
    <system-err><![CDATA[Starting ChromeDriver 2.38.552522 (437e6fbedfa8762dec75e2c5b3ddb86763dc9dcb) on port 3058
Only local connections are allowed.
]]></system-err>
  </testcase>
  <testcase name="Scenario: Verify  conference Block Facility" classname="Scenario: Verify  conference Block Facility" time="0.008">
    <error message="unknown error: Chrome failed to start: exited abnormally&#10;  (Driver info: chromedriver=2.38.552522 (437e6fbedfa8762dec75e2c5b3ddb86763dc9dcb),platform=Linux 4.4.0-1052-aws x86_64) (WARNING: The server did not provide any stacktrace information)&#10;Command duration or timeout: 60.01 seconds&#10;Build info: version: &apos;3.5.3&apos;, revision: &apos;a88d25fe6b&apos;, time: &apos;2017-08-29T12:42:44.417Z&apos;&#10;System info: host: &apos;ip-172-31-18-1&apos;, ip: &apos;172.31.18.1&apos;, os.name: &apos;Linux&apos;, os.arch: &apos;amd64&apos;, os.version: &apos;4.4.0-1052-aws&apos;, java.version: &apos;1.8.0_171&apos;&#10;Driver info: driver.version: ChromeDriver" type="org.openqa.selenium.WebDriverException">org.openqa.selenium.WebDriverException: 
unknown error: Chrome failed to start: exited abnormally
  (Driver info: chromedriver=2.38.552522 (437e6fbedfa8762dec75e2c5b3ddb86763dc9dcb),platform=Linux 4.4.0-1052-aws x86_64) (WARNING: The server did not provide any stacktrace information)
Command duration or timeout: 60.01 seconds
Build info: version: '3.5.3', revision: 'a88d25fe6b', time: '2017-08-29T12:42:44.417Z'
System info: host: 'ip-172-31-18-1', ip: '172.31.18.1', os.name: 'Linux', os.arch: 'amd64', os.version: '4.4.0-1052-aws', java.version: '1.8.0_171'
Driver info: driver.version: ChromeDriver
</error>
  </testcase>
  <testcase name="And I wait &quot;20&quot; seconds" classname="Scenario: Verify  conference Block Facility" time="0">
    <skipped/>
  </testcase>
  <testcase name="Then the &quot;Service Provider&quot; page should load" classname="Scenario: Verify  conference Block Facility" time="0">
    <skipped/>
  </testcase>
  <testcase name="When I click the &quot;Facility&quot; element" classname="Scenario: Verify  conference Block Facility" time="0">
    <skipped/>
  </testcase>
  <testcase name="And I enter &quot;conference 1&quot; in the &quot;Facility Title&quot; field" classname="Scenario: Verify  conference Block Facility" time="0">
    <skipped/>
  </testcase>
  <testcase name="Then I click the &quot;Search&quot; button" classname="Scenario: Verify  conference Block Facility" time="0">
    <skipped/>
  </testcase>
  <testcase name="And I wait &quot;5&quot; seconds" classname="Scenario: Verify  conference Block Facility" time="0">
    <skipped/>
  </testcase>
  <testcase name="And I wait &quot;5&quot; seconds" classname="Scenario: Verify  conference Block Facility" time="0">
    <skipped/>
  </testcase>
  <testcase name="Then I select the facility &quot;conference 1&quot;" classname="Scenario: Verify  conference Block Facility" time="0">
    <skipped/>
  </testcase>
  <testcase name="And I wait &quot;3&quot; seconds" classname="Scenario: Verify  conference Block Facility" time="0">
    <skipped/>
  </testcase>
  <testcase name="And I click the &quot;Manage Facility&quot; button" classname="Scenario: Verify  conference Block Facility" time="0">
    <skipped/>
  </testcase>
  <testcase name="And I select the &quot;Block Facility&quot; radiobutton" classname="Scenario: Verify  conference Block Facility" time="0">
    <skipped/>
  </testcase>
  <testcase name="And I enter &quot;2018-04-20 18:00:00&quot; in the &quot;From Date&quot; field" classname="Scenario: Verify  conference Block Facility" time="0">
    <skipped/>
  </testcase>
  <testcase name="And I enter &quot;2018-04-30 19:00:00&quot; in the &quot;To Date&quot; field" classname="Scenario: Verify  conference Block Facility" time="0">
    <skipped/>
  </testcase>
  <testcase name="And I click the &quot;Block Facility&quot; button" classname="Scenario: Verify  conference Block Facility" time="0">
    <skipped/>
  </testcase>
  <testcase name="Given I am logged into the application with user &quot;myappssolutions33@gmail.com&quot; and password &quot;password1&quot;" classname="Scenario: Verify  conference Deactivate Facility" time="0.003">
    <error message="unknown error: Chrome failed to start: exited abnormally&#10;  (Driver info: chromedriver=2.38.552522 (437e6fbedfa8762dec75e2c5b3ddb86763dc9dcb),platform=Linux 4.4.0-1052-aws x86_64) (WARNING: The server did not provide any stacktrace information)&#10;Command duration or timeout: 60.02 seconds&#10;Build info: version: &apos;3.5.3&apos;, revision: &apos;a88d25fe6b&apos;, time: &apos;2017-08-29T12:42:44.417Z&apos;&#10;System info: host: &apos;ip-172-31-18-1&apos;, ip: &apos;172.31.18.1&apos;, os.name: &apos;Linux&apos;, os.arch: &apos;amd64&apos;, os.version: &apos;4.4.0-1052-aws&apos;, java.version: &apos;1.8.0_171&apos;&#10;Driver info: driver.version: ChromeDriver" type="org.openqa.selenium.WebDriverException">org.openqa.selenium.WebDriverException: 
unknown error: Chrome failed to start: exited abnormally
  (Driver info: chromedriver=2.38.552522 (437e6fbedfa8762dec75e2c5b3ddb86763dc9dcb),platform=Linux 4.4.0-1052-aws x86_64) (WARNING: The server did not provide any stacktrace information)
Command duration or timeout: 60.02 seconds
Build info: version: '3.5.3', revision: 'a88d25fe6b', time: '2017-08-29T12:42:44.417Z'
System info: host: 'ip-172-31-18-1', ip: '172.31.18.1', os.name: 'Linux', os.arch: 'amd64', os.version: '4.4.0-1052-aws', java.version: '1.8.0_171'
Driver info: driver.version: ChromeDriver
</error>
    <system-out><![CDATA[Do nothing
Verify  conference Deactivate Facility
@Sanity1
]]></system-out>
    <system-err><![CDATA[Starting ChromeDriver 2.38.552522 (437e6fbedfa8762dec75e2c5b3ddb86763dc9dcb) on port 6731
Only local connections are allowed.
]]></system-err>
  </testcase>
  <testcase name="Scenario: Verify  conference Deactivate Facility" classname="Scenario: Verify  conference Deactivate Facility" time="0.009">
    <error message="unknown error: Chrome failed to start: exited abnormally&#10;  (Driver info: chromedriver=2.38.552522 (437e6fbedfa8762dec75e2c5b3ddb86763dc9dcb),platform=Linux 4.4.0-1052-aws x86_64) (WARNING: The server did not provide any stacktrace information)&#10;Command duration or timeout: 60.02 seconds&#10;Build info: version: &apos;3.5.3&apos;, revision: &apos;a88d25fe6b&apos;, time: &apos;2017-08-29T12:42:44.417Z&apos;&#10;System info: host: &apos;ip-172-31-18-1&apos;, ip: &apos;172.31.18.1&apos;, os.name: &apos;Linux&apos;, os.arch: &apos;amd64&apos;, os.version: &apos;4.4.0-1052-aws&apos;, java.version: &apos;1.8.0_171&apos;&#10;Driver info: driver.version: ChromeDriver" type="org.openqa.selenium.WebDriverException">org.openqa.selenium.WebDriverException: 
unknown error: Chrome failed to start: exited abnormally
  (Driver info: chromedriver=2.38.552522 (437e6fbedfa8762dec75e2c5b3ddb86763dc9dcb),platform=Linux 4.4.0-1052-aws x86_64) (WARNING: The server did not provide any stacktrace information)
Command duration or timeout: 60.02 seconds
Build info: version: '3.5.3', revision: 'a88d25fe6b', time: '2017-08-29T12:42:44.417Z'
System info: host: 'ip-172-31-18-1', ip: '172.31.18.1', os.name: 'Linux', os.arch: 'amd64', os.version: '4.4.0-1052-aws', java.version: '1.8.0_171'
Driver info: driver.version: ChromeDriver
</error>
  </testcase>
  <testcase name="And I wait &quot;20&quot; seconds" classname="Scenario: Verify  conference Deactivate Facility" time="0">
    <skipped/>
  </testcase>
  <testcase name="Then the &quot;Service Provider&quot; page should load" classname="Scenario: Verify  conference Deactivate Facility" time="0">
    <skipped/>
  </testcase>
  <testcase name="When I click the &quot;Facility&quot; element" classname="Scenario: Verify  conference Deactivate Facility" time="0">
    <skipped/>
  </testcase>
  <testcase name="And I enter &quot;conf 3&quot; in the &quot;Facility Title&quot; field" classname="Scenario: Verify  conference Deactivate Facility" time="0">
    <skipped/>
  </testcase>
  <testcase name="Then I click the &quot;Search&quot; button" classname="Scenario: Verify  conference Deactivate Facility" time="0">
    <skipped/>
  </testcase>
  <testcase name="And I wait &quot;5&quot; seconds" classname="Scenario: Verify  conference Deactivate Facility" time="0">
    <skipped/>
  </testcase>
  <testcase name="Then I select the facility &quot;conf 3&quot;" classname="Scenario: Verify  conference Deactivate Facility" time="0">
    <skipped/>
  </testcase>
  <testcase name="And I click the &quot;Manage Facility&quot; button" classname="Scenario: Verify  conference Deactivate Facility" time="0">
    <skipped/>
  </testcase>
  <testcase name="And I wait &quot;10&quot; seconds" classname="Scenario: Verify  conference Deactivate Facility" time="0">
    <skipped/>
  </testcase>
  <testcase name="And I wait &quot;10&quot; seconds" classname="Scenario: Verify  conference Deactivate Facility" time="0">
    <skipped/>
  </testcase>
  <testcase name="And I select the &quot;Deactivate Facility&quot; radiobutton" classname="Scenario: Verify  conference Deactivate Facility" time="0">
    <skipped/>
  </testcase>
  <testcase name="And I enter &quot;Not good&quot; in the &quot;Reason For Deactivation&quot; field" classname="Scenario: Verify  conference Deactivate Facility" time="0">
    <skipped/>
  </testcase>
  <testcase name="And I click the &quot;Deactivate&quot; button" classname="Scenario: Verify  conference Deactivate Facility" time="0">
    <skipped/>
  </testcase>
  <testcase name="And I click the &quot;Confirm&quot; button" classname="Scenario: Verify  conference Deactivate Facility" time="0">
    <skipped/>
  </testcase>
  <testcase name="Then I click the &quot;OK&quot; button" classname="Scenario: Verify  conference Deactivate Facility" time="0">
    <skipped/>
  </testcase>
  <testcase name="Given I am logged into the application with user &quot;myappssolutions33@gmail.com&quot; and password &quot;password1&quot;" classname="Scenario: Verify  conference Activate Facility" time="0.005">
    <error message="unknown error: Chrome failed to start: exited abnormally&#10;  (Driver info: chromedriver=2.38.552522 (437e6fbedfa8762dec75e2c5b3ddb86763dc9dcb),platform=Linux 4.4.0-1052-aws x86_64) (WARNING: The server did not provide any stacktrace information)&#10;Command duration or timeout: 60.02 seconds&#10;Build info: version: &apos;3.5.3&apos;, revision: &apos;a88d25fe6b&apos;, time: &apos;2017-08-29T12:42:44.417Z&apos;&#10;System info: host: &apos;ip-172-31-18-1&apos;, ip: &apos;172.31.18.1&apos;, os.name: &apos;Linux&apos;, os.arch: &apos;amd64&apos;, os.version: &apos;4.4.0-1052-aws&apos;, java.version: &apos;1.8.0_171&apos;&#10;Driver info: driver.version: ChromeDriver" type="org.openqa.selenium.WebDriverException">org.openqa.selenium.WebDriverException: 
unknown error: Chrome failed to start: exited abnormally
  (Driver info: chromedriver=2.38.552522 (437e6fbedfa8762dec75e2c5b3ddb86763dc9dcb),platform=Linux 4.4.0-1052-aws x86_64) (WARNING: The server did not provide any stacktrace information)
Command duration or timeout: 60.02 seconds
Build info: version: '3.5.3', revision: 'a88d25fe6b', time: '2017-08-29T12:42:44.417Z'
System info: host: 'ip-172-31-18-1', ip: '172.31.18.1', os.name: 'Linux', os.arch: 'amd64', os.version: '4.4.0-1052-aws', java.version: '1.8.0_171'
Driver info: driver.version: ChromeDriver
</error>
    <system-out><![CDATA[Do nothing
Verify  conference Activate Facility
@Sanity1
]]></system-out>
    <system-err><![CDATA[Starting ChromeDriver 2.38.552522 (437e6fbedfa8762dec75e2c5b3ddb86763dc9dcb) on port 6702
Only local connections are allowed.
]]></system-err>
  </testcase>
  <testcase name="Scenario: Verify  conference Activate Facility" classname="Scenario: Verify  conference Activate Facility" time="0.007">
    <error message="unknown error: Chrome failed to start: exited abnormally&#10;  (Driver info: chromedriver=2.38.552522 (437e6fbedfa8762dec75e2c5b3ddb86763dc9dcb),platform=Linux 4.4.0-1052-aws x86_64) (WARNING: The server did not provide any stacktrace information)&#10;Command duration or timeout: 60.02 seconds&#10;Build info: version: &apos;3.5.3&apos;, revision: &apos;a88d25fe6b&apos;, time: &apos;2017-08-29T12:42:44.417Z&apos;&#10;System info: host: &apos;ip-172-31-18-1&apos;, ip: &apos;172.31.18.1&apos;, os.name: &apos;Linux&apos;, os.arch: &apos;amd64&apos;, os.version: &apos;4.4.0-1052-aws&apos;, java.version: &apos;1.8.0_171&apos;&#10;Driver info: driver.version: ChromeDriver" type="org.openqa.selenium.WebDriverException">org.openqa.selenium.WebDriverException: 
unknown error: Chrome failed to start: exited abnormally
  (Driver info: chromedriver=2.38.552522 (437e6fbedfa8762dec75e2c5b3ddb86763dc9dcb),platform=Linux 4.4.0-1052-aws x86_64) (WARNING: The server did not provide any stacktrace information)
Command duration or timeout: 60.02 seconds
Build info: version: '3.5.3', revision: 'a88d25fe6b', time: '2017-08-29T12:42:44.417Z'
System info: host: 'ip-172-31-18-1', ip: '172.31.18.1', os.name: 'Linux', os.arch: 'amd64', os.version: '4.4.0-1052-aws', java.version: '1.8.0_171'
Driver info: driver.version: ChromeDriver
</error>
  </testcase>
  <testcase name="And I wait &quot;20&quot; seconds" classname="Scenario: Verify  conference Activate Facility" time="0">
    <skipped/>
  </testcase>
  <testcase name="Then the &quot;Service Provider&quot; page should load" classname="Scenario: Verify  conference Activate Facility" time="0">
    <skipped/>
  </testcase>
  <testcase name="When I click the &quot;Facility&quot; element" classname="Scenario: Verify  conference Activate Facility" time="0">
    <skipped/>
  </testcase>
  <testcase name="And I enter &quot;conf 3&quot; in the &quot;Facility Title&quot; field" classname="Scenario: Verify  conference Activate Facility" time="0">
    <skipped/>
  </testcase>
  <testcase name="Then I click the &quot;Search&quot; button" classname="Scenario: Verify  conference Activate Facility" time="0">
    <skipped/>
  </testcase>
  <testcase name="And I wait &quot;5&quot; seconds" classname="Scenario: Verify  conference Activate Facility" time="0">
    <skipped/>
  </testcase>
  <testcase name="Then I select the facility &quot;conf 3&quot;" classname="Scenario: Verify  conference Activate Facility" time="0">
    <skipped/>
  </testcase>
  <testcase name="And I click the &quot;Manage Facility&quot; button" classname="Scenario: Verify  conference Activate Facility" time="0">
    <skipped/>
  </testcase>
  <testcase name="And I wait &quot;10&quot; seconds" classname="Scenario: Verify  conference Activate Facility" time="0">
    <skipped/>
  </testcase>
  <testcase name="And I wait &quot;10&quot; seconds" classname="Scenario: Verify  conference Activate Facility" time="0">
    <skipped/>
  </testcase>
  <testcase name="And I select the &quot;Activate Facility&quot; radiobutton" classname="Scenario: Verify  conference Activate Facility" time="0">
    <skipped/>
  </testcase>
  <testcase name="And I click the &quot;Activate&quot; button" classname="Scenario: Verify  conference Activate Facility" time="0">
    <skipped/>
  </testcase>
  <testcase name="Then I click the &quot;OK&quot; button" classname="Scenario: Verify  conference Activate Facility" time="0">
    <skipped/>
  </testcase>
  <testcase name="Given I am logged into the application with user &quot;myappssolutions33@gmail.com&quot; and password &quot;password1&quot;" classname="Scenario: Verify  conference Price Details Facility" time="0.001">
    <error message="unknown error: Chrome failed to start: exited abnormally&#10;  (Driver info: chromedriver=2.38.552522 (437e6fbedfa8762dec75e2c5b3ddb86763dc9dcb),platform=Linux 4.4.0-1052-aws x86_64) (WARNING: The server did not provide any stacktrace information)&#10;Command duration or timeout: 60.01 seconds&#10;Build info: version: &apos;3.5.3&apos;, revision: &apos;a88d25fe6b&apos;, time: &apos;2017-08-29T12:42:44.417Z&apos;&#10;System info: host: &apos;ip-172-31-18-1&apos;, ip: &apos;172.31.18.1&apos;, os.name: &apos;Linux&apos;, os.arch: &apos;amd64&apos;, os.version: &apos;4.4.0-1052-aws&apos;, java.version: &apos;1.8.0_171&apos;&#10;Driver info: driver.version: ChromeDriver" type="org.openqa.selenium.WebDriverException">org.openqa.selenium.WebDriverException: 
unknown error: Chrome failed to start: exited abnormally
  (Driver info: chromedriver=2.38.552522 (437e6fbedfa8762dec75e2c5b3ddb86763dc9dcb),platform=Linux 4.4.0-1052-aws x86_64) (WARNING: The server did not provide any stacktrace information)
Command duration or timeout: 60.01 seconds
Build info: version: '3.5.3', revision: 'a88d25fe6b', time: '2017-08-29T12:42:44.417Z'
System info: host: 'ip-172-31-18-1', ip: '172.31.18.1', os.name: 'Linux', os.arch: 'amd64', os.version: '4.4.0-1052-aws', java.version: '1.8.0_171'
Driver info: driver.version: ChromeDriver
</error>
    <system-out><![CDATA[Do nothing
Verify  conference Price Details Facility
@Sanity1
]]></system-out>
    <system-err><![CDATA[Starting ChromeDriver 2.38.552522 (437e6fbedfa8762dec75e2c5b3ddb86763dc9dcb) on port 30704
Only local connections are allowed.
]]></system-err>
  </testcase>
  <testcase name="Scenario: Verify  conference Price Details Facility" classname="Scenario: Verify  conference Price Details Facility" time="0.007">
    <error message="unknown error: Chrome failed to start: exited abnormally&#10;  (Driver info: chromedriver=2.38.552522 (437e6fbedfa8762dec75e2c5b3ddb86763dc9dcb),platform=Linux 4.4.0-1052-aws x86_64) (WARNING: The server did not provide any stacktrace information)&#10;Command duration or timeout: 60.01 seconds&#10;Build info: version: &apos;3.5.3&apos;, revision: &apos;a88d25fe6b&apos;, time: &apos;2017-08-29T12:42:44.417Z&apos;&#10;System info: host: &apos;ip-172-31-18-1&apos;, ip: &apos;172.31.18.1&apos;, os.name: &apos;Linux&apos;, os.arch: &apos;amd64&apos;, os.version: &apos;4.4.0-1052-aws&apos;, java.version: &apos;1.8.0_171&apos;&#10;Driver info: driver.version: ChromeDriver" type="org.openqa.selenium.WebDriverException">org.openqa.selenium.WebDriverException: 
unknown error: Chrome failed to start: exited abnormally
  (Driver info: chromedriver=2.38.552522 (437e6fbedfa8762dec75e2c5b3ddb86763dc9dcb),platform=Linux 4.4.0-1052-aws x86_64) (WARNING: The server did not provide any stacktrace information)
Command duration or timeout: 60.01 seconds
Build info: version: '3.5.3', revision: 'a88d25fe6b', time: '2017-08-29T12:42:44.417Z'
System info: host: 'ip-172-31-18-1', ip: '172.31.18.1', os.name: 'Linux', os.arch: 'amd64', os.version: '4.4.0-1052-aws', java.version: '1.8.0_171'
Driver info: driver.version: ChromeDriver
</error>
  </testcase>
  <testcase name="And I wait &quot;20&quot; seconds" classname="Scenario: Verify  conference Price Details Facility" time="0">
    <skipped/>
  </testcase>
  <testcase name="Then the &quot;Service Provider&quot; page should load" classname="Scenario: Verify  conference Price Details Facility" time="0">
    <skipped/>
  </testcase>
  <testcase name="When I click the &quot;Facility&quot; element" classname="Scenario: Verify  conference Price Details Facility" time="0">
    <skipped/>
  </testcase>
  <testcase name="And I enter &quot;conf 3&quot; in the &quot;Facility Title&quot; field" classname="Scenario: Verify  conference Price Details Facility" time="0">
    <skipped/>
  </testcase>
  <testcase name="Then I click the &quot;Search&quot; button" classname="Scenario: Verify  conference Price Details Facility" time="0">
    <skipped/>
  </testcase>
  <testcase name="Then I select the facility &quot;conf 3&quot;" classname="Scenario: Verify  conference Price Details Facility" time="0">
    <skipped/>
  </testcase>
  <testcase name="And I click the &quot;Manage Facility&quot; button" classname="Scenario: Verify  conference Price Details Facility" time="0">
    <skipped/>
  </testcase>
  <testcase name="And I wait &quot;10&quot; seconds" classname="Scenario: Verify  conference Price Details Facility" time="0">
    <skipped/>
  </testcase>
  <testcase name="And I select the &quot;Price Details&quot; radiobutton" classname="Scenario: Verify  conference Price Details Facility" time="0">
    <skipped/>
  </testcase>
  <testcase name="And I wait &quot;2&quot; seconds" classname="Scenario: Verify  conference Price Details Facility" time="0">
    <skipped/>
  </testcase>
  <testcase name="And I enter &quot;10&quot; in the &quot;Update Cost Per Hour&quot; field" classname="Scenario: Verify  conference Price Details Facility" time="0">
    <skipped/>
  </testcase>
  <testcase name="And I enter &quot;100&quot; in the &quot;Update Cost Per Day&quot; field" classname="Scenario: Verify  conference Price Details Facility" time="0">
    <skipped/>
  </testcase>
  <testcase name="And I enter &quot;1000&quot; in the &quot;Update Cost Per Month&quot; field" classname="Scenario: Verify  conference Price Details Facility" time="0">
    <skipped/>
  </testcase>
  <testcase name="Then I click the &quot;Update Price&quot; button" classname="Scenario: Verify  conference Price Details Facility" time="0">
    <skipped/>
  </testcase>
  <testcase name="Then I click the &quot;OK&quot; button" classname="Scenario: Verify  conference Price Details Facility" time="0">
    <skipped/>
  </testcase>
  <testcase name="Given I am logged into the application with user &quot;myappssolutions33@gmail.com&quot; and password &quot;password1&quot;" classname="Scenario: Verify  conference facility edit" time="0.007">
    <error message="unknown error: Chrome failed to start: exited abnormally&#10;  (Driver info: chromedriver=2.38.552522 (437e6fbedfa8762dec75e2c5b3ddb86763dc9dcb),platform=Linux 4.4.0-1052-aws x86_64) (WARNING: The server did not provide any stacktrace information)&#10;Command duration or timeout: 60.03 seconds&#10;Build info: version: &apos;3.5.3&apos;, revision: &apos;a88d25fe6b&apos;, time: &apos;2017-08-29T12:42:44.417Z&apos;&#10;System info: host: &apos;ip-172-31-18-1&apos;, ip: &apos;172.31.18.1&apos;, os.name: &apos;Linux&apos;, os.arch: &apos;amd64&apos;, os.version: &apos;4.4.0-1052-aws&apos;, java.version: &apos;1.8.0_171&apos;&#10;Driver info: driver.version: ChromeDriver" type="org.openqa.selenium.WebDriverException">org.openqa.selenium.WebDriverException: 
unknown error: Chrome failed to start: exited abnormally
  (Driver info: chromedriver=2.38.552522 (437e6fbedfa8762dec75e2c5b3ddb86763dc9dcb),platform=Linux 4.4.0-1052-aws x86_64) (WARNING: The server did not provide any stacktrace information)
Command duration or timeout: 60.03 seconds
Build info: version: '3.5.3', revision: 'a88d25fe6b', time: '2017-08-29T12:42:44.417Z'
System info: host: 'ip-172-31-18-1', ip: '172.31.18.1', os.name: 'Linux', os.arch: 'amd64', os.version: '4.4.0-1052-aws', java.version: '1.8.0_171'
Driver info: driver.version: ChromeDriver
</error>
    <system-out><![CDATA[Do nothing
Verify  conference facility edit
@Sanity1
]]></system-out>
    <system-err><![CDATA[Starting ChromeDriver 2.38.552522 (437e6fbedfa8762dec75e2c5b3ddb86763dc9dcb) on port 20917
Only local connections are allowed.
]]></system-err>
  </testcase>
  <testcase name="Scenario: Verify  conference facility edit" classname="Scenario: Verify  conference facility edit" time="0.011">
    <error message="unknown error: Chrome failed to start: exited abnormally&#10;  (Driver info: chromedriver=2.38.552522 (437e6fbedfa8762dec75e2c5b3ddb86763dc9dcb),platform=Linux 4.4.0-1052-aws x86_64) (WARNING: The server did not provide any stacktrace information)&#10;Command duration or timeout: 60.03 seconds&#10;Build info: version: &apos;3.5.3&apos;, revision: &apos;a88d25fe6b&apos;, time: &apos;2017-08-29T12:42:44.417Z&apos;&#10;System info: host: &apos;ip-172-31-18-1&apos;, ip: &apos;172.31.18.1&apos;, os.name: &apos;Linux&apos;, os.arch: &apos;amd64&apos;, os.version: &apos;4.4.0-1052-aws&apos;, java.version: &apos;1.8.0_171&apos;&#10;Driver info: driver.version: ChromeDriver" type="org.openqa.selenium.WebDriverException">org.openqa.selenium.WebDriverException: 
unknown error: Chrome failed to start: exited abnormally
  (Driver info: chromedriver=2.38.552522 (437e6fbedfa8762dec75e2c5b3ddb86763dc9dcb),platform=Linux 4.4.0-1052-aws x86_64) (WARNING: The server did not provide any stacktrace information)
Command duration or timeout: 60.03 seconds
Build info: version: '3.5.3', revision: 'a88d25fe6b', time: '2017-08-29T12:42:44.417Z'
System info: host: 'ip-172-31-18-1', ip: '172.31.18.1', os.name: 'Linux', os.arch: 'amd64', os.version: '4.4.0-1052-aws', java.version: '1.8.0_171'
Driver info: driver.version: ChromeDriver
</error>
  </testcase>
  <testcase name="And I wait &quot;20&quot; seconds" classname="Scenario: Verify  conference facility edit" time="0">
    <skipped/>
  </testcase>
  <testcase name="And I wait &quot;20&quot; seconds" classname="Scenario: Verify  conference facility edit" time="0">
    <skipped/>
  </testcase>
  <testcase name="Then the &quot;Service Provider&quot; page should load" classname="Scenario: Verify  conference facility edit" time="0">
    <skipped/>
  </testcase>
  <testcase name="When I click the &quot;Facility&quot; element" classname="Scenario: Verify  conference facility edit" time="0">
    <skipped/>
  </testcase>
  <testcase name="And I click the &quot;Filter&quot; button" classname="Scenario: Verify  conference facility edit" time="0">
    <skipped/>
  </testcase>
  <testcase name="And I select &quot;Conference Room&quot; from the &quot;SelectFacilityType1&quot; dropdown" classname="Scenario: Verify  conference facility edit" time="0">
    <skipped/>
  </testcase>
  <testcase name="And I select &quot;Denied&quot; from the &quot;Select Status&quot; dropdown" classname="Scenario: Verify  conference facility edit" time="0">
    <skipped/>
  </testcase>
  <testcase name="Then I click the &quot;Search&quot; button" classname="Scenario: Verify  conference facility edit" time="0">
    <skipped/>
  </testcase>
  <testcase name="And I wait &quot;5&quot; seconds" classname="Scenario: Verify  conference facility edit" time="0">
    <skipped/>
  </testcase>
  <testcase name="Then I select the facility &quot;conference 12&quot;" classname="Scenario: Verify  conference facility edit" time="0">
    <skipped/>
  </testcase>
  <testcase name="Then I click the &quot;Edit&quot; button" classname="Scenario: Verify  conference facility edit" time="0">
    <skipped/>
  </testcase>
  <testcase name="And I enter &quot;100&quot; in the &quot;Facility No Of Seats&quot; field" classname="Scenario: Verify  conference facility edit" time="0">
    <skipped/>
  </testcase>
  <testcase name="And I click the &quot;Next&quot; button" classname="Scenario: Verify  conference facility edit" time="0">
    <skipped/>
  </testcase>
  <testcase name="And I click the &quot;Next3&quot; button" classname="Scenario: Verify  conference facility edit" time="0">
    <skipped/>
  </testcase>
  <testcase name="And I click the &quot;Submit&quot; button" classname="Scenario: Verify  conference facility edit" time="0">
    <skipped/>
  </testcase>
  <testcase name="Then I click the &quot;OK&quot; button" classname="Scenario: Verify  conference facility edit" time="0">
    <skipped/>
  </testcase>
  <testcase name="Given I am logged into the application with user &quot;myappssolutions33@gmail.com&quot; and password &quot;password1&quot;" classname="Scenario: Verify conference cancelled booking" time="0.003">
    <error message="unknown error: Chrome failed to start: exited abnormally&#10;  (Driver info: chromedriver=2.38.552522 (437e6fbedfa8762dec75e2c5b3ddb86763dc9dcb),platform=Linux 4.4.0-1052-aws x86_64) (WARNING: The server did not provide any stacktrace information)&#10;Command duration or timeout: 60.06 seconds&#10;Build info: version: &apos;3.5.3&apos;, revision: &apos;a88d25fe6b&apos;, time: &apos;2017-08-29T12:42:44.417Z&apos;&#10;System info: host: &apos;ip-172-31-18-1&apos;, ip: &apos;172.31.18.1&apos;, os.name: &apos;Linux&apos;, os.arch: &apos;amd64&apos;, os.version: &apos;4.4.0-1052-aws&apos;, java.version: &apos;1.8.0_171&apos;&#10;Driver info: driver.version: ChromeDriver" type="org.openqa.selenium.WebDriverException">org.openqa.selenium.WebDriverException: 
unknown error: Chrome failed to start: exited abnormally
  (Driver info: chromedriver=2.38.552522 (437e6fbedfa8762dec75e2c5b3ddb86763dc9dcb),platform=Linux 4.4.0-1052-aws x86_64) (WARNING: The server did not provide any stacktrace information)
Command duration or timeout: 60.06 seconds
Build info: version: '3.5.3', revision: 'a88d25fe6b', time: '2017-08-29T12:42:44.417Z'
System info: host: 'ip-172-31-18-1', ip: '172.31.18.1', os.name: 'Linux', os.arch: 'amd64', os.version: '4.4.0-1052-aws', java.version: '1.8.0_171'
Driver info: driver.version: ChromeDriver
</error>
    <system-out><![CDATA[Do nothing
Verify conference cancelled booking
@Sanity1
]]></system-out>
    <system-err><![CDATA[Starting ChromeDriver 2.38.552522 (437e6fbedfa8762dec75e2c5b3ddb86763dc9dcb) on port 13525
Only local connections are allowed.
]]></system-err>
  </testcase>
  <testcase name="Scenario: Verify conference cancelled booking" classname="Scenario: Verify conference cancelled booking" time="0.009">
    <error message="unknown error: Chrome failed to start: exited abnormally&#10;  (Driver info: chromedriver=2.38.552522 (437e6fbedfa8762dec75e2c5b3ddb86763dc9dcb),platform=Linux 4.4.0-1052-aws x86_64) (WARNING: The server did not provide any stacktrace information)&#10;Command duration or timeout: 60.06 seconds&#10;Build info: version: &apos;3.5.3&apos;, revision: &apos;a88d25fe6b&apos;, time: &apos;2017-08-29T12:42:44.417Z&apos;&#10;System info: host: &apos;ip-172-31-18-1&apos;, ip: &apos;172.31.18.1&apos;, os.name: &apos;Linux&apos;, os.arch: &apos;amd64&apos;, os.version: &apos;4.4.0-1052-aws&apos;, java.version: &apos;1.8.0_171&apos;&#10;Driver info: driver.version: ChromeDriver" type="org.openqa.selenium.WebDriverException">org.openqa.selenium.WebDriverException: 
unknown error: Chrome failed to start: exited abnormally
  (Driver info: chromedriver=2.38.552522 (437e6fbedfa8762dec75e2c5b3ddb86763dc9dcb),platform=Linux 4.4.0-1052-aws x86_64) (WARNING: The server did not provide any stacktrace information)
Command duration or timeout: 60.06 seconds
Build info: version: '3.5.3', revision: 'a88d25fe6b', time: '2017-08-29T12:42:44.417Z'
System info: host: 'ip-172-31-18-1', ip: '172.31.18.1', os.name: 'Linux', os.arch: 'amd64', os.version: '4.4.0-1052-aws', java.version: '1.8.0_171'
Driver info: driver.version: ChromeDriver
</error>
  </testcase>
  <testcase name="And I wait &quot;20&quot; seconds" classname="Scenario: Verify conference cancelled booking" time="0">
    <skipped/>
  </testcase>
  <testcase name="Then the &quot;Service Provider&quot; page should load" classname="Scenario: Verify conference cancelled booking" time="0">
    <skipped/>
  </testcase>
  <testcase name="When I click the &quot;Booking&quot; element" classname="Scenario: Verify conference cancelled booking" time="0">
    <skipped/>
  </testcase>
  <testcase name="And I enter &quot;305&quot; in the &quot;Booking Id&quot; field" classname="Scenario: Verify conference cancelled booking" time="0">
    <skipped/>
  </testcase>
  <testcase name="Then I click the &quot;Search&quot; button" classname="Scenario: Verify conference cancelled booking" time="0">
    <skipped/>
  </testcase>
  <testcase name="And I wait &quot;5&quot; seconds" classname="Scenario: Verify conference cancelled booking" time="0">
    <skipped/>
  </testcase>
  <testcase name="And I click the element with booking id &quot;305&quot; and booking status &quot;Confirmed&quot;" classname="Scenario: Verify conference cancelled booking" time="0">
    <skipped/>
  </testcase>
  <testcase name="And I click the &quot;Cancel Booking&quot; button" classname="Scenario: Verify conference cancelled booking" time="0">
    <skipped/>
  </testcase>
  <testcase name="Then I click the &quot;YES&quot; button" classname="Scenario: Verify conference cancelled booking" time="0">
    <skipped/>
  </testcase>
  <testcase name="Then I click the &quot;Success OK&quot; button" classname="Scenario: Verify conference cancelled booking" time="0">
    <skipped/>
  </testcase>
  <testcase name="Given I am logged into the application with user &quot;myappssolutions33@gmail.com&quot; and password &quot;password1&quot;" classname="Scenario: Verify Coworking Facility Creation" time="0.001">
    <error message="unknown error: Chrome failed to start: exited abnormally&#10;  (Driver info: chromedriver=2.38.552522 (437e6fbedfa8762dec75e2c5b3ddb86763dc9dcb),platform=Linux 4.4.0-1052-aws x86_64) (WARNING: The server did not provide any stacktrace information)&#10;Command duration or timeout: 60.01 seconds&#10;Build info: version: &apos;3.5.3&apos;, revision: &apos;a88d25fe6b&apos;, time: &apos;2017-08-29T12:42:44.417Z&apos;&#10;System info: host: &apos;ip-172-31-18-1&apos;, ip: &apos;172.31.18.1&apos;, os.name: &apos;Linux&apos;, os.arch: &apos;amd64&apos;, os.version: &apos;4.4.0-1052-aws&apos;, java.version: &apos;1.8.0_171&apos;&#10;Driver info: driver.version: ChromeDriver" type="org.openqa.selenium.WebDriverException">org.openqa.selenium.WebDriverException: 
unknown error: Chrome failed to start: exited abnormally
  (Driver info: chromedriver=2.38.552522 (437e6fbedfa8762dec75e2c5b3ddb86763dc9dcb),platform=Linux 4.4.0-1052-aws x86_64) (WARNING: The server did not provide any stacktrace information)
Command duration or timeout: 60.01 seconds
Build info: version: '3.5.3', revision: 'a88d25fe6b', time: '2017-08-29T12:42:44.417Z'
System info: host: 'ip-172-31-18-1', ip: '172.31.18.1', os.name: 'Linux', os.arch: 'amd64', os.version: '4.4.0-1052-aws', java.version: '1.8.0_171'
Driver info: driver.version: ChromeDriver
</error>
    <system-out><![CDATA[Do nothing
Verify Coworking Facility Creation
@Sanity1
]]></system-out>
    <system-err><![CDATA[Starting ChromeDriver 2.38.552522 (437e6fbedfa8762dec75e2c5b3ddb86763dc9dcb) on port 8685
Only local connections are allowed.
]]></system-err>
  </testcase>
  <testcase name="Scenario: Verify Coworking Facility Creation" classname="Scenario: Verify Coworking Facility Creation" time="0.002">
    <error message="unknown error: Chrome failed to start: exited abnormally&#10;  (Driver info: chromedriver=2.38.552522 (437e6fbedfa8762dec75e2c5b3ddb86763dc9dcb),platform=Linux 4.4.0-1052-aws x86_64) (WARNING: The server did not provide any stacktrace information)&#10;Command duration or timeout: 60.01 seconds&#10;Build info: version: &apos;3.5.3&apos;, revision: &apos;a88d25fe6b&apos;, time: &apos;2017-08-29T12:42:44.417Z&apos;&#10;System info: host: &apos;ip-172-31-18-1&apos;, ip: &apos;172.31.18.1&apos;, os.name: &apos;Linux&apos;, os.arch: &apos;amd64&apos;, os.version: &apos;4.4.0-1052-aws&apos;, java.version: &apos;1.8.0_171&apos;&#10;Driver info: driver.version: ChromeDriver" type="org.openqa.selenium.WebDriverException">org.openqa.selenium.WebDriverException: 
unknown error: Chrome failed to start: exited abnormally
  (Driver info: chromedriver=2.38.552522 (437e6fbedfa8762dec75e2c5b3ddb86763dc9dcb),platform=Linux 4.4.0-1052-aws x86_64) (WARNING: The server did not provide any stacktrace information)
Command duration or timeout: 60.01 seconds
Build info: version: '3.5.3', revision: 'a88d25fe6b', time: '2017-08-29T12:42:44.417Z'
System info: host: 'ip-172-31-18-1', ip: '172.31.18.1', os.name: 'Linux', os.arch: 'amd64', os.version: '4.4.0-1052-aws', java.version: '1.8.0_171'
Driver info: driver.version: ChromeDriver
</error>
  </testcase>
  <testcase name="And I wait &quot;20&quot; seconds" classname="Scenario: Verify Coworking Facility Creation" time="0">
    <skipped/>
  </testcase>
  <testcase name="Then the &quot;Service Provider&quot; page should load" classname="Scenario: Verify Coworking Facility Creation" time="0">
    <skipped/>
  </testcase>
  <testcase name="When I click the &quot;Facility&quot; element" classname="Scenario: Verify Coworking Facility Creation" time="0">
    <skipped/>
  </testcase>
  <testcase name="And I click the &quot;Add Facility&quot; button" classname="Scenario: Verify Coworking Facility Creation" time="0">
    <skipped/>
  </testcase>
  <testcase name="And I select &quot;Co-Working Space&quot; from the &quot;Select Facility Type&quot; dropdown" classname="Scenario: Verify Coworking Facility Creation" time="0">
    <skipped/>
  </testcase>
  <testcase name="And I click the &quot;Add Location&quot; button" classname="Scenario: Verify Coworking Facility Creation" time="0">
    <skipped/>
  </testcase>
  <testcase name="And I select &quot;Bangalore&quot; from the &quot;Select City&quot; dropdown" classname="Scenario: Verify Coworking Facility Creation" time="0">
    <skipped/>
  </testcase>
  <testcase name="And I select &quot;JP Nagar&quot; from the &quot;Locality&quot; dropdown" classname="Scenario: Verify Coworking Facility Creation" time="0">
    <skipped/>
  </testcase>
  <testcase name="And I enter &quot;bilekahalli&quot; in the &quot;Please Enter Name&quot; field" classname="Scenario: Verify Coworking Facility Creation" time="0">
    <skipped/>
  </testcase>
  <testcase name="And I enter &quot;dsr galleria&quot; in the &quot;Please Enter address&quot; field" classname="Scenario: Verify Coworking Facility Creation" time="0">
    <skipped/>
  </testcase>
  <testcase name="And I enter &quot;signal&quot; in the &quot;Please Enter landmark&quot; field" classname="Scenario: Verify Coworking Facility Creation" time="0">
    <skipped/>
  </testcase>
  <testcase name="And I enter &quot;incubex&quot; in the &quot;Please Enter nearBy&quot; field" classname="Scenario: Verify Coworking Facility Creation" time="0">
    <skipped/>
  </testcase>
  <testcase name="And I click the &quot;Add&quot; button" classname="Scenario: Verify Coworking Facility Creation" time="0">
    <skipped/>
  </testcase>
  <testcase name="Then I click the &quot;OK&quot; button" classname="Scenario: Verify Coworking Facility Creation" time="0">
    <skipped/>
  </testcase>
  <testcase name="And I select &quot;bilekahalli&quot; from the &quot;Building/Location&quot; dropdown" classname="Scenario: Verify Coworking Facility Creation" time="0">
    <skipped/>
  </testcase>
  <testcase name="And I enter &quot;coworking 888&quot; in the &quot;Facility Meeting Room Name&quot; field" classname="Scenario: Verify Coworking Facility Creation" time="0">
    <skipped/>
  </testcase>
  <testcase name="And I enter &quot;100&quot; in the &quot;Facility No Of Seats&quot; field" classname="Scenario: Verify Coworking Facility Creation" time="0">
    <skipped/>
  </testcase>
  <testcase name="And I enter &quot;1000&quot; in the &quot;Facility Area Size Sq&quot; field" classname="Scenario: Verify Coworking Facility Creation" time="0">
    <skipped/>
  </testcase>
  <testcase name="And I enter &quot;adding coworking room&quot; in the &quot;Facility Description&quot; field" classname="Scenario: Verify Coworking Facility Creation" time="0">
    <skipped/>
  </testcase>
  <testcase name="And I wait &quot;30&quot; seconds" classname="Scenario: Verify Coworking Facility Creation" time="0">
    <skipped/>
  </testcase>
  <testcase name="And I check the following checkboxes" classname="Scenario: Verify Coworking Facility Creation" time="0">
    <skipped/>
  </testcase>
  <testcase name="And I click the &quot;Next&quot; button" classname="Scenario: Verify Coworking Facility Creation" time="0">
    <skipped/>
  </testcase>
  <testcase name="And I enter &quot;100&quot; in the &quot;Cost Per Day&quot; field" classname="Scenario: Verify Coworking Facility Creation" time="0">
    <skipped/>
  </testcase>
  <testcase name="And I enter &quot;1000&quot; in the &quot;Cost Per Month&quot; field" classname="Scenario: Verify Coworking Facility Creation" time="0">
    <skipped/>
  </testcase>
  <testcase name="And I click the &quot;Offer Add&quot; button" classname="Scenario: Verify Coworking Facility Creation" time="0">
    <skipped/>
  </testcase>
  <testcase name="And I enter &quot;2018-03-3&quot; in the &quot;From&quot; field" classname="Scenario: Verify Coworking Facility Creation" time="0">
    <skipped/>
  </testcase>
  <testcase name="And I enter &quot;2018-03-4&quot; in the &quot;To&quot; field" classname="Scenario: Verify Coworking Facility Creation" time="0">
    <skipped/>
  </testcase>
  <testcase name="And I enter &quot;10&quot; in the &quot;% Of Offer&quot; field" classname="Scenario: Verify Coworking Facility Creation" time="0">
    <skipped/>
  </testcase>
  <testcase name="And I click the &quot;Cancel Add&quot; button" classname="Scenario: Verify Coworking Facility Creation" time="0">
    <skipped/>
  </testcase>
  <testcase name="And I enter &quot;1&quot; in the &quot;No Of Days Before&quot; field" classname="Scenario: Verify Coworking Facility Creation" time="0">
    <skipped/>
  </testcase>
  <testcase name="And I enter &quot;10&quot; in the &quot;% Of Deduction&quot; field" classname="Scenario: Verify Coworking Facility Creation" time="0">
    <skipped/>
  </testcase>
  <testcase name="And I enter &quot;2&quot; in the &quot;No Of Days Before2&quot; field" classname="Scenario: Verify Coworking Facility Creation" time="0">
    <skipped/>
  </testcase>
  <testcase name="And I enter &quot;20&quot; in the &quot;% Of Deduction2&quot; field" classname="Scenario: Verify Coworking Facility Creation" time="0">
    <skipped/>
  </testcase>
  <testcase name="And I enter &quot;3&quot; in the &quot;No Of Days Before3&quot; field" classname="Scenario: Verify Coworking Facility Creation" time="0">
    <skipped/>
  </testcase>
  <testcase name="And I enter &quot;30&quot; in the &quot;% Of Deduction3&quot; field" classname="Scenario: Verify Coworking Facility Creation" time="0">
    <skipped/>
  </testcase>
  <testcase name="And I enter &quot;8497995311&quot; in the &quot;Sp Contact Number&quot; field" classname="Scenario: Verify Coworking Facility Creation" time="0">
    <skipped/>
  </testcase>
  <testcase name="And I enter &quot;aparna.b@myapps-solutions.com&quot; in the &quot;Sp Email&quot; field" classname="Scenario: Verify Coworking Facility Creation" time="0">
    <skipped/>
  </testcase>
  <testcase name="And I select &quot;Offline&quot; from the &quot;Payment Mode&quot; dropdown" classname="Scenario: Verify Coworking Facility Creation" time="0">
    <skipped/>
  </testcase>
  <testcase name="And I check the &quot;Request Huddil Verfication&quot; checkbox" classname="Scenario: Verify Coworking Facility Creation" time="0">
    <skipped/>
  </testcase>
  <testcase name="And I click the &quot;Next2&quot; button" classname="Scenario: Verify Coworking Facility Creation" time="0">
    <skipped/>
  </testcase>
  <testcase name="And I click the &quot;Submit&quot; button" classname="Scenario: Verify Coworking Facility Creation" time="0">
    <skipped/>
  </testcase>
  <testcase name="And I wait &quot;80&quot; seconds" classname="Scenario: Verify Coworking Facility Creation" time="0">
    <skipped/>
  </testcase>
  <testcase name="Then I click the &quot;Success OK&quot; button" classname="Scenario: Verify Coworking Facility Creation" time="0">
    <skipped/>
  </testcase>
  <testcase name="stepDefinitions.CukesRunnerTest" classname="stepDefinitions.CukesRunnerTest" time="0.055">
    <error type="java.lang.NullPointerException">java.lang.NullPointerException
	at stepDefinitions.CukesRunnerTest.cleanUp(CukesRunnerTest.java:48)
</error>
    <system-out><![CDATA[Do nothing
After Class!!
]]></system-out>
  </testcase>
</testsuite>